cpu-bind=MASK - nid005229, task  0  0 [266330]: mask 0xffffffffffffffffff set
cpu-bind=MASK - nid005229, task  1  1 [266331]: mask 0xffffffffffffffffff set
cpu-bind=MASK - nid005229, task  2  2 [266332]: mask 0xffffffffffffffffff set
cpu-bind=MASK - nid005229, task  3  3 [266333]: mask 0xffffffffffffffffff set
cpu-bind=MASK - nid005229, task  4  4 [266334]: mask 0xffffffffffffffffff000000000000000000 set
cpu-bind=MASK - nid005229, task  5  5 [266335]: mask 0xffffffffffffffffff000000000000000000 set
cpu-bind=MASK - nid005229, task  6  6 [266336]: mask 0xffffffffffffffffff000000000000000000 set
cpu-bind=MASK - nid005229, task  7  7 [266337]: mask 0xffffffffffffffffff000000000000000000 set
cpu-bind=MASK - nid005229, task  8  8 [266338]: mask 0xffffffffffffffffff000000000000000000000000000000000000 set
cpu-bind=MASK - nid005229, task  9  9 [266339]: mask 0xffffffffffffffffff000000000000000000000000000000000000 set
cpu-bind=MASK - nid005229, task 10 10 [266340]: mask 0xffffffffffffffffff000000000000000000000000000000000000 set
cpu-bind=MASK - nid005229, task 11 11 [266341]: mask 0xffffffffffffffffff000000000000000000000000000000000000 set
cpu-bind=MASK - nid005229, task 12 12 [266342]: mask 0xffffffffffffffffff000000000000000000000000000000000000000000000000000000 set
cpu-bind=MASK - nid005229, task 13 13 [266343]: mask 0xffffffffffffffffff000000000000000000000000000000000000000000000000000000 set
cpu-bind=MASK - nid005229, task 14 14 [266344]: mask 0xffffffffffffffffff000000000000000000000000000000000000000000000000000000 set
cpu-bind=MASK - nid005229, task 15 15 [266345]: mask 0xffffffffffffffffff000000000000000000000000000000000000000000000000000000 set
# EXT_MPI verbose
# calls allreduce 5.900200e+04
# size allreduce 8.665247e+03
# timing allreduce 2.790300e-05
# calls reduce_scatter_block 1.660000e+02
# size reduce_scatter_block 1.893990e+07
# timing reduce_scatter_block 2.969943e-01
# calls allgather 2.200000e+01
# size allgather 6.367418e+05
# timing allgather 4.487507e-02
# calls reduce 2.012500e+03
# size reduce 4.520763e+04
# timing reduce 8.277642e-05
# calls bcast 1.654250e+03
# size bcast 7.953392e+03
# timing bcast 1.504050e-05
# timing finalize 4.233126e+02
cpu-bind=MASK - nid005229, task  0  0 [268194]: mask 0xffffffffffffffffff set
cpu-bind=MASK - nid005229, task  1  1 [268195]: mask 0xffffffffffffffffff set
cpu-bind=MASK - nid005229, task  2  2 [268196]: mask 0xffffffffffffffffff set
cpu-bind=MASK - nid005229, task  3  3 [268197]: mask 0xffffffffffffffffff set
cpu-bind=MASK - nid005229, task  4  4 [268198]: mask 0xffffffffffffffffff000000000000000000 set
cpu-bind=MASK - nid005229, task  5  5 [268199]: mask 0xffffffffffffffffff000000000000000000 set
cpu-bind=MASK - nid005229, task  6  6 [268200]: mask 0xffffffffffffffffff000000000000000000 set
cpu-bind=MASK - nid005229, task  7  7 [268201]: mask 0xffffffffffffffffff000000000000000000 set
cpu-bind=MASK - nid005229, task  8  8 [268202]: mask 0xffffffffffffffffff000000000000000000000000000000000000 set
cpu-bind=MASK - nid005229, task  9  9 [268203]: mask 0xffffffffffffffffff000000000000000000000000000000000000 set
cpu-bind=MASK - nid005229, task 10 10 [268204]: mask 0xffffffffffffffffff000000000000000000000000000000000000 set
cpu-bind=MASK - nid005229, task 11 11 [268205]: mask 0xffffffffffffffffff000000000000000000000000000000000000 set
cpu-bind=MASK - nid005229, task 12 12 [268206]: mask 0xffffffffffffffffff000000000000000000000000000000000000000000000000000000 set
cpu-bind=MASK - nid005229, task 13 13 [268207]: mask 0xffffffffffffffffff000000000000000000000000000000000000000000000000000000 set
cpu-bind=MASK - nid005229, task 14 14 [268208]: mask 0xffffffffffffffffff000000000000000000000000000000000000000000000000000000 set
cpu-bind=MASK - nid005229, task 15 15 [268209]: mask 0xffffffffffffffffff000000000000000000000000000000000000000000000000000000 set
# EXT_MPI verbose
# EXT_MPI blocking
# calls allreduce 5.900200e+04
# size allreduce 8.665247e+03
# timing allreduce 1.972635e-05
# calls my_allreduce 4.773900e+04
# size my_allreduce 3.501341e+03
# calls reduce_scatter_block 1.660000e+02
# size reduce_scatter_block 1.893990e+07
# timing reduce_scatter_block 2.543769e-01
# calls allgather 2.200000e+01
# size allgather 6.367418e+05
# timing allgather 3.766950e-02
# calls reduce 2.012500e+03
# size reduce 4.520763e+04
# timing reduce 8.301035e-05
# calls bcast 1.654250e+03
# size bcast 7.953392e+03
# timing bcast 1.618159e-05
# timing finalize 4.120167e+02
cpu-bind=MASK - nid005229, task  0  0 [269949]: mask 0xffffffffffffffffff set
cpu-bind=MASK - nid005229, task  1  1 [269950]: mask 0xffffffffffffffffff set
cpu-bind=MASK - nid005229, task  2  2 [269951]: mask 0xffffffffffffffffff set
cpu-bind=MASK - nid005229, task  3  3 [269952]: mask 0xffffffffffffffffff set
cpu-bind=MASK - nid005229, task  4  4 [269953]: mask 0xffffffffffffffffff000000000000000000 set
cpu-bind=MASK - nid005229, task  5  5 [269954]: mask 0xffffffffffffffffff000000000000000000 set
cpu-bind=MASK - nid005229, task  6  6 [269955]: mask 0xffffffffffffffffff000000000000000000 set
cpu-bind=MASK - nid005229, task  7  7 [269956]: mask 0xffffffffffffffffff000000000000000000 set
cpu-bind=MASK - nid005229, task  8  8 [269957]: mask 0xffffffffffffffffff000000000000000000000000000000000000 set
cpu-bind=MASK - nid005229, task  9  9 [269958]: mask 0xffffffffffffffffff000000000000000000000000000000000000 set
cpu-bind=MASK - nid005229, task 10 10 [269959]: mask 0xffffffffffffffffff000000000000000000000000000000000000 set
cpu-bind=MASK - nid005229, task 11 11 [269960]: mask 0xffffffffffffffffff000000000000000000000000000000000000 set
cpu-bind=MASK - nid005229, task 12 12 [269961]: mask 0xffffffffffffffffff000000000000000000000000000000000000000000000000000000 set
cpu-bind=MASK - nid005229, task 13 13 [269962]: mask 0xffffffffffffffffff000000000000000000000000000000000000000000000000000000 set
cpu-bind=MASK - nid005229, task 14 14 [269963]: mask 0xffffffffffffffffff000000000000000000000000000000000000000000000000000000 set
cpu-bind=MASK - nid005229, task 15 15 [269964]: mask 0xffffffffffffffffff000000000000000000000000000000000000000000000000000000 set
# EXT_MPI verbose
# EXT_MPI blocking
# calls allreduce 5.900200e+04
# size allreduce 8.665251e+03
# timing allreduce 1.979519e-05
# calls my_allreduce 4.773900e+04
# size my_allreduce 3.501344e+03
# calls reduce_scatter_block 1.660000e+02
# size reduce_scatter_block 1.893990e+07
# timing reduce_scatter_block 2.568037e-01
# calls allgather 2.200000e+01
# size allgather 6.367418e+05
# timing allgather 4.500637e-02
# calls reduce 2.012500e+03
# size reduce 4.520763e+04
# timing reduce 8.360970e-05
# calls bcast 1.654250e+03
# size bcast 7.953392e+03
# timing bcast 1.550384e-05
# timing finalize 4.166716e+02
