cpu-bind=MASK - nid005229, task  0  0 [236974]: mask 0xffffffffffffffffff set
cpu-bind=MASK - nid005229, task  1  1 [236975]: mask 0xffffffffffffffffff set
cpu-bind=MASK - nid005229, task  2  2 [236976]: mask 0xffffffffffffffffff set
cpu-bind=MASK - nid005229, task  3  3 [236977]: mask 0xffffffffffffffffff set
cpu-bind=MASK - nid005229, task  4  4 [236978]: mask 0xffffffffffffffffff000000000000000000 set
cpu-bind=MASK - nid005229, task  5  5 [236979]: mask 0xffffffffffffffffff000000000000000000 set
cpu-bind=MASK - nid005229, task  6  6 [236980]: mask 0xffffffffffffffffff000000000000000000 set
cpu-bind=MASK - nid005229, task  7  7 [236981]: mask 0xffffffffffffffffff000000000000000000 set
cpu-bind=MASK - nid005229, task  8  8 [236982]: mask 0xffffffffffffffffff000000000000000000000000000000000000 set
cpu-bind=MASK - nid005229, task  9  9 [236983]: mask 0xffffffffffffffffff000000000000000000000000000000000000 set
cpu-bind=MASK - nid005229, task 10 10 [236984]: mask 0xffffffffffffffffff000000000000000000000000000000000000 set
cpu-bind=MASK - nid005229, task 11 11 [236985]: mask 0xffffffffffffffffff000000000000000000000000000000000000 set
cpu-bind=MASK - nid005229, task 12 12 [236986]: mask 0xffffffffffffffffff000000000000000000000000000000000000000000000000000000 set
cpu-bind=MASK - nid005229, task 13 13 [236987]: mask 0xffffffffffffffffff000000000000000000000000000000000000000000000000000000 set
cpu-bind=MASK - nid005229, task 14 14 [236988]: mask 0xffffffffffffffffff000000000000000000000000000000000000000000000000000000 set
cpu-bind=MASK - nid005229, task 15 15 [236989]: mask 0xffffffffffffffffff000000000000000000000000000000000000000000000000000000 set
# EXT_MPI verbose
# calls allreduce 5.900200e+04
# size allreduce 8.665250e+03
# timing allreduce 2.793633e-05
# calls reduce_scatter_block 1.660000e+02
# size reduce_scatter_block 1.893990e+07
# timing reduce_scatter_block 2.955132e-01
# calls allgather 2.200000e+01
# size allgather 6.367418e+05
# timing allgather 3.364746e-02
# calls reduce 2.012500e+03
# size reduce 4.520763e+04
# timing reduce 8.843782e-05
# calls bcast 1.654250e+03
# size bcast 7.953392e+03
# timing bcast 1.579981e-05
# timing finalize 4.224846e+02
cpu-bind=MASK - nid005229, task  0  0 [238783]: mask 0xffffffffffffffffff set
cpu-bind=MASK - nid005229, task  1  1 [238784]: mask 0xffffffffffffffffff set
cpu-bind=MASK - nid005229, task  2  2 [238785]: mask 0xffffffffffffffffff set
cpu-bind=MASK - nid005229, task  3  3 [238786]: mask 0xffffffffffffffffff set
cpu-bind=MASK - nid005229, task  4  4 [238787]: mask 0xffffffffffffffffff000000000000000000 set
cpu-bind=MASK - nid005229, task  5  5 [238788]: mask 0xffffffffffffffffff000000000000000000 set
cpu-bind=MASK - nid005229, task  6  6 [238789]: mask 0xffffffffffffffffff000000000000000000 set
cpu-bind=MASK - nid005229, task  7  7 [238790]: mask 0xffffffffffffffffff000000000000000000 set
cpu-bind=MASK - nid005229, task  8  8 [238791]: mask 0xffffffffffffffffff000000000000000000000000000000000000 set
cpu-bind=MASK - nid005229, task  9  9 [238792]: mask 0xffffffffffffffffff000000000000000000000000000000000000 set
cpu-bind=MASK - nid005229, task 10 10 [238793]: mask 0xffffffffffffffffff000000000000000000000000000000000000 set
cpu-bind=MASK - nid005229, task 11 11 [238794]: mask 0xffffffffffffffffff000000000000000000000000000000000000 set
cpu-bind=MASK - nid005229, task 12 12 [238795]: mask 0xffffffffffffffffff000000000000000000000000000000000000000000000000000000 set
cpu-bind=MASK - nid005229, task 13 13 [238796]: mask 0xffffffffffffffffff000000000000000000000000000000000000000000000000000000 set
cpu-bind=MASK - nid005229, task 14 14 [238797]: mask 0xffffffffffffffffff000000000000000000000000000000000000000000000000000000 set
cpu-bind=MASK - nid005229, task 15 15 [238798]: mask 0xffffffffffffffffff000000000000000000000000000000000000000000000000000000 set
# EXT_MPI verbose
# EXT_MPI blocking
# calls allreduce 5.900200e+04
# size allreduce 8.665244e+03
# timing allreduce 2.019509e-05
# calls my_allreduce 4.773900e+04
# size my_allreduce 3.501338e+03
# calls reduce_scatter_block 1.660000e+02
# size reduce_scatter_block 1.893990e+07
# timing reduce_scatter_block 2.564200e-01
# calls allgather 2.200000e+01
# size allgather 6.367418e+05
# timing allgather 3.311857e-02
# calls reduce 2.012500e+03
# size reduce 4.520763e+04
# timing reduce 8.305340e-05
# calls bcast 1.654250e+03
# size bcast 7.953392e+03
# timing bcast 1.646609e-05
# timing finalize 4.105848e+02
cpu-bind=MASK - nid005229, task  0  0 [240586]: mask 0xffffffffffffffffff set
cpu-bind=MASK - nid005229, task  1  1 [240587]: mask 0xffffffffffffffffff set
cpu-bind=MASK - nid005229, task  2  2 [240588]: mask 0xffffffffffffffffff set
cpu-bind=MASK - nid005229, task  3  3 [240589]: mask 0xffffffffffffffffff set
cpu-bind=MASK - nid005229, task  4  4 [240590]: mask 0xffffffffffffffffff000000000000000000 set
cpu-bind=MASK - nid005229, task  5  5 [240591]: mask 0xffffffffffffffffff000000000000000000 set
cpu-bind=MASK - nid005229, task  6  6 [240592]: mask 0xffffffffffffffffff000000000000000000 set
cpu-bind=MASK - nid005229, task  7  7 [240593]: mask 0xffffffffffffffffff000000000000000000 set
cpu-bind=MASK - nid005229, task  8  8 [240594]: mask 0xffffffffffffffffff000000000000000000000000000000000000 set
cpu-bind=MASK - nid005229, task  9  9 [240595]: mask 0xffffffffffffffffff000000000000000000000000000000000000 set
cpu-bind=MASK - nid005229, task 10 10 [240596]: mask 0xffffffffffffffffff000000000000000000000000000000000000 set
cpu-bind=MASK - nid005229, task 11 11 [240597]: mask 0xffffffffffffffffff000000000000000000000000000000000000 set
cpu-bind=MASK - nid005229, task 12 12 [240598]: mask 0xffffffffffffffffff000000000000000000000000000000000000000000000000000000 set
cpu-bind=MASK - nid005229, task 13 13 [240599]: mask 0xffffffffffffffffff000000000000000000000000000000000000000000000000000000 set
cpu-bind=MASK - nid005229, task 14 14 [240600]: mask 0xffffffffffffffffff000000000000000000000000000000000000000000000000000000 set
cpu-bind=MASK - nid005229, task 15 15 [240601]: mask 0xffffffffffffffffff000000000000000000000000000000000000000000000000000000 set
# EXT_MPI verbose
# EXT_MPI blocking
# calls allreduce 5.900200e+04
# size allreduce 8.665254e+03
# timing allreduce 1.970228e-05
# calls my_allreduce 4.773900e+04
# size my_allreduce 3.501347e+03
# calls reduce_scatter_block 1.660000e+02
# size reduce_scatter_block 1.893990e+07
# timing reduce_scatter_block 2.551446e-01
# calls allgather 2.200000e+01
# size allgather 6.367418e+05
# timing allgather 3.489581e-02
# calls reduce 2.012500e+03
# size reduce 4.520763e+04
# timing reduce 8.493436e-05
# calls bcast 1.654250e+03
# size bcast 7.953392e+03
# timing bcast 1.633917e-05
# timing finalize 4.171004e+02
