cpu-bind=MASK - nid005229, task  0  0 [278711]: mask 0xffffffffffffffffff set
cpu-bind=MASK - nid005229, task  1  1 [278712]: mask 0xffffffffffffffffff set
cpu-bind=MASK - nid005229, task  2  2 [278713]: mask 0xffffffffffffffffff set
cpu-bind=MASK - nid005229, task  3  3 [278714]: mask 0xffffffffffffffffff set
cpu-bind=MASK - nid005229, task  4  4 [278715]: mask 0xffffffffffffffffff000000000000000000 set
cpu-bind=MASK - nid005229, task  5  5 [278716]: mask 0xffffffffffffffffff000000000000000000 set
cpu-bind=MASK - nid005229, task  6  6 [278717]: mask 0xffffffffffffffffff000000000000000000 set
cpu-bind=MASK - nid005229, task  7  7 [278718]: mask 0xffffffffffffffffff000000000000000000 set
cpu-bind=MASK - nid005229, task  8  8 [278719]: mask 0xffffffffffffffffff000000000000000000000000000000000000 set
cpu-bind=MASK - nid005229, task  9  9 [278720]: mask 0xffffffffffffffffff000000000000000000000000000000000000 set
cpu-bind=MASK - nid005229, task 10 10 [278721]: mask 0xffffffffffffffffff000000000000000000000000000000000000 set
cpu-bind=MASK - nid005229, task 11 11 [278722]: mask 0xffffffffffffffffff000000000000000000000000000000000000 set
cpu-bind=MASK - nid005229, task 12 12 [278723]: mask 0xffffffffffffffffff000000000000000000000000000000000000000000000000000000 set
cpu-bind=MASK - nid005229, task 13 13 [278724]: mask 0xffffffffffffffffff000000000000000000000000000000000000000000000000000000 set
cpu-bind=MASK - nid005229, task 14 14 [278725]: mask 0xffffffffffffffffff000000000000000000000000000000000000000000000000000000 set
cpu-bind=MASK - nid005229, task 15 15 [278726]: mask 0xffffffffffffffffff000000000000000000000000000000000000000000000000000000 set
# EXT_MPI verbose
# calls allreduce 5.900200e+04
# size allreduce 8.665248e+03
# timing allreduce 2.895646e-05
# calls reduce_scatter_block 1.660000e+02
# size reduce_scatter_block 1.893990e+07
# timing reduce_scatter_block 2.997737e-01
# calls allgather 2.200000e+01
# size allgather 6.367418e+05
# timing allgather 3.138325e-02
# calls reduce 2.012500e+03
# size reduce 4.520763e+04
# timing reduce 8.319842e-05
# calls bcast 1.654250e+03
# size bcast 7.953392e+03
# timing bcast 1.518420e-05
# timing finalize 4.211970e+02
cpu-bind=MASK - nid005229, task  0  0 [280556]: mask 0xffffffffffffffffff set
cpu-bind=MASK - nid005229, task  1  1 [280557]: mask 0xffffffffffffffffff set
cpu-bind=MASK - nid005229, task  2  2 [280558]: mask 0xffffffffffffffffff set
cpu-bind=MASK - nid005229, task  3  3 [280559]: mask 0xffffffffffffffffff set
cpu-bind=MASK - nid005229, task  4  4 [280560]: mask 0xffffffffffffffffff000000000000000000 set
cpu-bind=MASK - nid005229, task  5  5 [280561]: mask 0xffffffffffffffffff000000000000000000 set
cpu-bind=MASK - nid005229, task  6  6 [280562]: mask 0xffffffffffffffffff000000000000000000 set
cpu-bind=MASK - nid005229, task  7  7 [280563]: mask 0xffffffffffffffffff000000000000000000 set
cpu-bind=MASK - nid005229, task  8  8 [280564]: mask 0xffffffffffffffffff000000000000000000000000000000000000 set
cpu-bind=MASK - nid005229, task  9  9 [280565]: mask 0xffffffffffffffffff000000000000000000000000000000000000 set
cpu-bind=MASK - nid005229, task 10 10 [280566]: mask 0xffffffffffffffffff000000000000000000000000000000000000 set
cpu-bind=MASK - nid005229, task 11 11 [280567]: mask 0xffffffffffffffffff000000000000000000000000000000000000 set
cpu-bind=MASK - nid005229, task 12 12 [280568]: mask 0xffffffffffffffffff000000000000000000000000000000000000000000000000000000 set
cpu-bind=MASK - nid005229, task 13 13 [280569]: mask 0xffffffffffffffffff000000000000000000000000000000000000000000000000000000 set
cpu-bind=MASK - nid005229, task 14 14 [280570]: mask 0xffffffffffffffffff000000000000000000000000000000000000000000000000000000 set
cpu-bind=MASK - nid005229, task 15 15 [280571]: mask 0xffffffffffffffffff000000000000000000000000000000000000000000000000000000 set
# EXT_MPI verbose
# EXT_MPI blocking
# calls allreduce 5.900200e+04
# size allreduce 8.665250e+03
# timing allreduce 2.031106e-05
# calls my_allreduce 4.773900e+04
# size my_allreduce 3.501343e+03
# calls reduce_scatter_block 1.660000e+02
# size reduce_scatter_block 1.893990e+07
# timing reduce_scatter_block 2.534386e-01
# calls allgather 2.200000e+01
# size allgather 6.367418e+05
# timing allgather 3.730677e-02
# calls reduce 2.012500e+03
# size reduce 4.520763e+04
# timing reduce 8.219067e-05
# calls bcast 1.654250e+03
# size bcast 7.953392e+03
# timing bcast 1.762273e-05
# timing finalize 4.132045e+02
cpu-bind=MASK - nid005229, task  0  0 [282846]: mask 0xffffffffffffffffff set
cpu-bind=MASK - nid005229, task  1  1 [282847]: mask 0xffffffffffffffffff set
cpu-bind=MASK - nid005229, task  2  2 [282848]: mask 0xffffffffffffffffff set
cpu-bind=MASK - nid005229, task  3  3 [282849]: mask 0xffffffffffffffffff set
cpu-bind=MASK - nid005229, task  4  4 [282850]: mask 0xffffffffffffffffff000000000000000000 set
cpu-bind=MASK - nid005229, task  5  5 [282851]: mask 0xffffffffffffffffff000000000000000000 set
cpu-bind=MASK - nid005229, task  6  6 [282852]: mask 0xffffffffffffffffff000000000000000000 set
cpu-bind=MASK - nid005229, task  7  7 [282853]: mask 0xffffffffffffffffff000000000000000000 set
cpu-bind=MASK - nid005229, task  8  8 [282854]: mask 0xffffffffffffffffff000000000000000000000000000000000000 set
cpu-bind=MASK - nid005229, task  9  9 [282855]: mask 0xffffffffffffffffff000000000000000000000000000000000000 set
cpu-bind=MASK - nid005229, task 10 10 [282856]: mask 0xffffffffffffffffff000000000000000000000000000000000000 set
cpu-bind=MASK - nid005229, task 11 11 [282857]: mask 0xffffffffffffffffff000000000000000000000000000000000000 set
cpu-bind=MASK - nid005229, task 12 12 [282858]: mask 0xffffffffffffffffff000000000000000000000000000000000000000000000000000000 set
cpu-bind=MASK - nid005229, task 13 13 [282859]: mask 0xffffffffffffffffff000000000000000000000000000000000000000000000000000000 set
cpu-bind=MASK - nid005229, task 14 14 [282860]: mask 0xffffffffffffffffff000000000000000000000000000000000000000000000000000000 set
cpu-bind=MASK - nid005229, task 15 15 [282861]: mask 0xffffffffffffffffff000000000000000000000000000000000000000000000000000000 set
# EXT_MPI verbose
# EXT_MPI blocking
# calls allreduce 5.900200e+04
# size allreduce 8.665247e+03
# timing allreduce 1.908606e-05
# calls my_allreduce 4.773900e+04
# size my_allreduce 3.501340e+03
# calls reduce_scatter_block 1.660000e+02
# size reduce_scatter_block 1.893990e+07
# timing reduce_scatter_block 2.544412e-01
# calls allgather 2.200000e+01
# size allgather 6.367418e+05
# timing allgather 3.505391e-02
# calls reduce 2.012500e+03
# size reduce 4.520763e+04
# timing reduce 8.209588e-05
# calls bcast 1.654250e+03
# size bcast 7.953392e+03
# timing bcast 1.659547e-05
# timing finalize 4.155674e+02
