cpu-bind=MASK - nid005229, task  0  0 [5433]: mask 0xffffffffffffffffff set
cpu-bind=MASK - nid005229, task  1  1 [5434]: mask 0xffffffffffffffffff set
cpu-bind=MASK - nid005229, task  2  2 [5435]: mask 0xffffffffffffffffff set
cpu-bind=MASK - nid005229, task  3  3 [5436]: mask 0xffffffffffffffffff set
cpu-bind=MASK - nid005229, task  4  4 [5437]: mask 0xffffffffffffffffff000000000000000000 set
cpu-bind=MASK - nid005229, task  5  5 [5438]: mask 0xffffffffffffffffff000000000000000000 set
cpu-bind=MASK - nid005229, task  6  6 [5439]: mask 0xffffffffffffffffff000000000000000000 set
cpu-bind=MASK - nid005229, task  7  7 [5440]: mask 0xffffffffffffffffff000000000000000000 set
cpu-bind=MASK - nid005229, task  8  8 [5441]: mask 0xffffffffffffffffff000000000000000000000000000000000000 set
cpu-bind=MASK - nid005229, task  9  9 [5442]: mask 0xffffffffffffffffff000000000000000000000000000000000000 set
cpu-bind=MASK - nid005229, task 10 10 [5443]: mask 0xffffffffffffffffff000000000000000000000000000000000000 set
cpu-bind=MASK - nid005229, task 11 11 [5444]: mask 0xffffffffffffffffff000000000000000000000000000000000000 set
cpu-bind=MASK - nid005229, task 12 12 [5445]: mask 0xffffffffffffffffff000000000000000000000000000000000000000000000000000000 set
cpu-bind=MASK - nid005229, task 13 13 [5446]: mask 0xffffffffffffffffff000000000000000000000000000000000000000000000000000000 set
cpu-bind=MASK - nid005229, task 14 14 [5447]: mask 0xffffffffffffffffff000000000000000000000000000000000000000000000000000000 set
cpu-bind=MASK - nid005229, task 15 15 [5448]: mask 0xffffffffffffffffff000000000000000000000000000000000000000000000000000000 set
# EXT_MPI verbose
# calls allreduce 5.900200e+04
# size allreduce 8.665249e+03
# timing allreduce 2.743446e-05
# calls reduce_scatter_block 1.660000e+02
# size reduce_scatter_block 1.893990e+07
# timing reduce_scatter_block 2.956987e-01
# calls allgather 2.200000e+01
# size allgather 6.367418e+05
# timing allgather 3.789464e-02
# calls reduce 2.012500e+03
# size reduce 4.520763e+04
# timing reduce 9.480656e-05
# calls bcast 1.654250e+03
# size bcast 7.953392e+03
# timing bcast 1.636518e-05
# timing finalize 4.245468e+02
cpu-bind=MASK - nid005229, task  0  0 [7355]: mask 0xffffffffffffffffff set
cpu-bind=MASK - nid005229, task  1  1 [7356]: mask 0xffffffffffffffffff set
cpu-bind=MASK - nid005229, task  2  2 [7357]: mask 0xffffffffffffffffff set
cpu-bind=MASK - nid005229, task  3  3 [7358]: mask 0xffffffffffffffffff set
cpu-bind=MASK - nid005229, task  4  4 [7359]: mask 0xffffffffffffffffff000000000000000000 set
cpu-bind=MASK - nid005229, task  5  5 [7360]: mask 0xffffffffffffffffff000000000000000000 set
cpu-bind=MASK - nid005229, task  6  6 [7361]: mask 0xffffffffffffffffff000000000000000000 set
cpu-bind=MASK - nid005229, task  7  7 [7362]: mask 0xffffffffffffffffff000000000000000000 set
cpu-bind=MASK - nid005229, task  8  8 [7363]: mask 0xffffffffffffffffff000000000000000000000000000000000000 set
cpu-bind=MASK - nid005229, task  9  9 [7364]: mask 0xffffffffffffffffff000000000000000000000000000000000000 set
cpu-bind=MASK - nid005229, task 10 10 [7365]: mask 0xffffffffffffffffff000000000000000000000000000000000000 set
cpu-bind=MASK - nid005229, task 11 11 [7367]: mask 0xffffffffffffffffff000000000000000000000000000000000000 set
cpu-bind=MASK - nid005229, task 12 12 [7368]: mask 0xffffffffffffffffff000000000000000000000000000000000000000000000000000000 set
cpu-bind=MASK - nid005229, task 13 13 [7369]: mask 0xffffffffffffffffff000000000000000000000000000000000000000000000000000000 set
cpu-bind=MASK - nid005229, task 14 14 [7370]: mask 0xffffffffffffffffff000000000000000000000000000000000000000000000000000000 set
cpu-bind=MASK - nid005229, task 15 15 [7371]: mask 0xffffffffffffffffff000000000000000000000000000000000000000000000000000000 set
# EXT_MPI verbose
# EXT_MPI blocking
# calls allreduce 5.900200e+04
# size allreduce 8.665250e+03
# timing allreduce 1.971560e-05
# calls my_allreduce 4.773900e+04
# size my_allreduce 3.501343e+03
# calls reduce_scatter_block 1.660000e+02
# size reduce_scatter_block 1.893990e+07
# timing reduce_scatter_block 2.559483e-01
# calls allgather 2.200000e+01
# size allgather 6.367418e+05
# timing allgather 2.852666e-02
# calls reduce 2.012500e+03
# size reduce 4.520763e+04
# timing reduce 8.254046e-05
# calls bcast 1.654250e+03
# size bcast 7.953392e+03
# timing bcast 1.543587e-05
# timing finalize 4.215490e+02
cpu-bind=MASK - nid005229, task  0  0 [9260]: mask 0xffffffffffffffffff set
cpu-bind=MASK - nid005229, task  1  1 [9261]: mask 0xffffffffffffffffff set
cpu-bind=MASK - nid005229, task  2  2 [9262]: mask 0xffffffffffffffffff set
cpu-bind=MASK - nid005229, task  3  3 [9263]: mask 0xffffffffffffffffff set
cpu-bind=MASK - nid005229, task  4  4 [9264]: mask 0xffffffffffffffffff000000000000000000 set
cpu-bind=MASK - nid005229, task  5  5 [9265]: mask 0xffffffffffffffffff000000000000000000 set
cpu-bind=MASK - nid005229, task  6  6 [9266]: mask 0xffffffffffffffffff000000000000000000 set
cpu-bind=MASK - nid005229, task  7  7 [9267]: mask 0xffffffffffffffffff000000000000000000 set
cpu-bind=MASK - nid005229, task  8  8 [9268]: mask 0xffffffffffffffffff000000000000000000000000000000000000 set
cpu-bind=MASK - nid005229, task  9  9 [9269]: mask 0xffffffffffffffffff000000000000000000000000000000000000 set
cpu-bind=MASK - nid005229, task 10 10 [9270]: mask 0xffffffffffffffffff000000000000000000000000000000000000 set
cpu-bind=MASK - nid005229, task 11 11 [9271]: mask 0xffffffffffffffffff000000000000000000000000000000000000 set
cpu-bind=MASK - nid005229, task 12 12 [9272]: mask 0xffffffffffffffffff000000000000000000000000000000000000000000000000000000 set
cpu-bind=MASK - nid005229, task 13 13 [9273]: mask 0xffffffffffffffffff000000000000000000000000000000000000000000000000000000 set
cpu-bind=MASK - nid005229, task 14 14 [9274]: mask 0xffffffffffffffffff000000000000000000000000000000000000000000000000000000 set
cpu-bind=MASK - nid005229, task 15 15 [9275]: mask 0xffffffffffffffffff000000000000000000000000000000000000000000000000000000 set
# EXT_MPI verbose
# EXT_MPI blocking
# calls allreduce 5.900200e+04
# size allreduce 8.665252e+03
# timing allreduce 1.941290e-05
# calls my_allreduce 4.773900e+04
# size my_allreduce 3.501345e+03
# calls reduce_scatter_block 1.660000e+02
# size reduce_scatter_block 1.893990e+07
# timing reduce_scatter_block 2.567741e-01
# calls allgather 2.200000e+01
# size allgather 6.367418e+05
# timing allgather 3.089809e-02
# calls reduce 2.012500e+03
# size reduce 4.520763e+04
# timing reduce 8.169997e-05
# calls bcast 1.654250e+03
# size bcast 7.953392e+03
# timing bcast 1.614052e-05
# timing finalize 4.230473e+02
