cpu-bind=MASK - nid005231, task  0  0 [60037]: mask 0xffffffffffffffffff set
cpu-bind=MASK - nid005231, task  1  1 [60038]: mask 0xffffffffffffffffff set
cpu-bind=MASK - nid005231, task  2  2 [60039]: mask 0xffffffffffffffffff set
cpu-bind=MASK - nid005231, task  3  3 [60040]: mask 0xffffffffffffffffff set
cpu-bind=MASK - nid005231, task  4  4 [60041]: mask 0xffffffffffffffffff000000000000000000 set
cpu-bind=MASK - nid005231, task  5  5 [60042]: mask 0xffffffffffffffffff000000000000000000 set
cpu-bind=MASK - nid005231, task  6  6 [60043]: mask 0xffffffffffffffffff000000000000000000 set
cpu-bind=MASK - nid005231, task  7  7 [60044]: mask 0xffffffffffffffffff000000000000000000 set
cpu-bind=MASK - nid005231, task  8  8 [60045]: mask 0xffffffffffffffffff000000000000000000000000000000000000 set
cpu-bind=MASK - nid005231, task  9  9 [60046]: mask 0xffffffffffffffffff000000000000000000000000000000000000 set
cpu-bind=MASK - nid005231, task 10 10 [60047]: mask 0xffffffffffffffffff000000000000000000000000000000000000 set
cpu-bind=MASK - nid005231, task 11 11 [60048]: mask 0xffffffffffffffffff000000000000000000000000000000000000 set
cpu-bind=MASK - nid005231, task 12 12 [60049]: mask 0xffffffffffffffffff000000000000000000000000000000000000000000000000000000 set
cpu-bind=MASK - nid005231, task 13 13 [60050]: mask 0xffffffffffffffffff000000000000000000000000000000000000000000000000000000 set
cpu-bind=MASK - nid005231, task 14 14 [60051]: mask 0xffffffffffffffffff000000000000000000000000000000000000000000000000000000 set
cpu-bind=MASK - nid005231, task 15 15 [60052]: mask 0xffffffffffffffffff000000000000000000000000000000000000000000000000000000 set
# EXT_MPI verbose
# calls allreduce 5.900200e+04
# size allreduce 8.665250e+03
# timing allreduce 2.755410e-05
# calls reduce_scatter_block 1.660000e+02
# size reduce_scatter_block 1.893990e+07
# timing reduce_scatter_block 2.922967e-01
# calls allgather 2.200000e+01
# size allgather 6.367418e+05
# timing allgather 3.729874e-02
# calls reduce 2.012500e+03
# size reduce 4.520763e+04
# timing reduce 8.146784e-05
# calls bcast 1.654250e+03
# size bcast 7.953392e+03
# timing bcast 1.632073e-05
# timing finalize 4.237308e+02
cpu-bind=MASK - nid005231, task  0  0 [61998]: mask 0xffffffffffffffffff set
cpu-bind=MASK - nid005231, task  1  1 [61999]: mask 0xffffffffffffffffff set
cpu-bind=MASK - nid005231, task  2  2 [62000]: mask 0xffffffffffffffffff set
cpu-bind=MASK - nid005231, task  3  3 [62001]: mask 0xffffffffffffffffff set
cpu-bind=MASK - nid005231, task  4  4 [62002]: mask 0xffffffffffffffffff000000000000000000 set
cpu-bind=MASK - nid005231, task  5  5 [62003]: mask 0xffffffffffffffffff000000000000000000 set
cpu-bind=MASK - nid005231, task  6  6 [62004]: mask 0xffffffffffffffffff000000000000000000 set
cpu-bind=MASK - nid005231, task  7  7 [62005]: mask 0xffffffffffffffffff000000000000000000 set
cpu-bind=MASK - nid005231, task  8  8 [62006]: mask 0xffffffffffffffffff000000000000000000000000000000000000 set
cpu-bind=MASK - nid005231, task  9  9 [62007]: mask 0xffffffffffffffffff000000000000000000000000000000000000 set
cpu-bind=MASK - nid005231, task 10 10 [62008]: mask 0xffffffffffffffffff000000000000000000000000000000000000 set
cpu-bind=MASK - nid005231, task 11 11 [62009]: mask 0xffffffffffffffffff000000000000000000000000000000000000 set
cpu-bind=MASK - nid005231, task 12 12 [62010]: mask 0xffffffffffffffffff000000000000000000000000000000000000000000000000000000 set
cpu-bind=MASK - nid005231, task 13 13 [62011]: mask 0xffffffffffffffffff000000000000000000000000000000000000000000000000000000 set
cpu-bind=MASK - nid005231, task 14 14 [62012]: mask 0xffffffffffffffffff000000000000000000000000000000000000000000000000000000 set
cpu-bind=MASK - nid005231, task 15 15 [62013]: mask 0xffffffffffffffffff000000000000000000000000000000000000000000000000000000 set
# EXT_MPI verbose
# EXT_MPI blocking
# calls allreduce 5.900200e+04
# size allreduce 8.665249e+03
# timing allreduce 1.971533e-05
# calls my_allreduce 4.773900e+04
# size my_allreduce 3.501342e+03
# calls reduce_scatter_block 1.660000e+02
# size reduce_scatter_block 1.893990e+07
# timing reduce_scatter_block 2.547711e-01
# calls allgather 2.200000e+01
# size allgather 6.367418e+05
# timing allgather 4.090620e-02
# calls reduce 2.012500e+03
# size reduce 4.520763e+04
# timing reduce 8.186771e-05
# calls bcast 1.654250e+03
# size bcast 7.953392e+03
# timing bcast 1.662754e-05
# timing finalize 4.157517e+02
cpu-bind=MASK - nid005231, task  0  0 [64070]: mask 0xffffffffffffffffff set
cpu-bind=MASK - nid005231, task  1  1 [64071]: mask 0xffffffffffffffffff set
cpu-bind=MASK - nid005231, task  2  2 [64072]: mask 0xffffffffffffffffff set
cpu-bind=MASK - nid005231, task  3  3 [64073]: mask 0xffffffffffffffffff set
cpu-bind=MASK - nid005231, task  4  4 [64074]: mask 0xffffffffffffffffff000000000000000000 set
cpu-bind=MASK - nid005231, task  5  5 [64075]: mask 0xffffffffffffffffff000000000000000000 set
cpu-bind=MASK - nid005231, task  6  6 [64076]: mask 0xffffffffffffffffff000000000000000000 set
cpu-bind=MASK - nid005231, task  7  7 [64077]: mask 0xffffffffffffffffff000000000000000000 set
cpu-bind=MASK - nid005231, task  8  8 [64078]: mask 0xffffffffffffffffff000000000000000000000000000000000000 set
cpu-bind=MASK - nid005231, task  9  9 [64079]: mask 0xffffffffffffffffff000000000000000000000000000000000000 set
cpu-bind=MASK - nid005231, task 10 10 [64080]: mask 0xffffffffffffffffff000000000000000000000000000000000000 set
cpu-bind=MASK - nid005231, task 11 11 [64081]: mask 0xffffffffffffffffff000000000000000000000000000000000000 set
cpu-bind=MASK - nid005231, task 12 12 [64082]: mask 0xffffffffffffffffff000000000000000000000000000000000000000000000000000000 set
cpu-bind=MASK - nid005231, task 13 13 [64083]: mask 0xffffffffffffffffff000000000000000000000000000000000000000000000000000000 set
cpu-bind=MASK - nid005231, task 14 14 [64084]: mask 0xffffffffffffffffff000000000000000000000000000000000000000000000000000000 set
cpu-bind=MASK - nid005231, task 15 15 [64085]: mask 0xffffffffffffffffff000000000000000000000000000000000000000000000000000000 set
# EXT_MPI verbose
# EXT_MPI blocking
# calls allreduce 5.900200e+04
# size allreduce 8.665252e+03
# timing allreduce 1.923048e-05
# calls my_allreduce 4.773900e+04
# size my_allreduce 3.501345e+03
# calls reduce_scatter_block 1.660000e+02
# size reduce_scatter_block 1.893990e+07
# timing reduce_scatter_block 2.543678e-01
# calls allgather 2.200000e+01
# size allgather 6.367418e+05
# timing allgather 3.516538e-02
# calls reduce 2.012500e+03
# size reduce 4.520763e+04
# timing reduce 8.621322e-05
# calls bcast 1.654250e+03
# size bcast 7.953392e+03
# timing bcast 1.535741e-05
# timing finalize 4.125111e+02
