cpu-bind=MASK - nid005229, task  0  0 [291083]: mask 0xffffffffffffffffff set
cpu-bind=MASK - nid005229, task  1  1 [291084]: mask 0xffffffffffffffffff set
cpu-bind=MASK - nid005229, task  2  2 [291085]: mask 0xffffffffffffffffff set
cpu-bind=MASK - nid005229, task  3  3 [291086]: mask 0xffffffffffffffffff set
cpu-bind=MASK - nid005229, task  4  4 [291087]: mask 0xffffffffffffffffff000000000000000000 set
cpu-bind=MASK - nid005229, task  5  5 [291088]: mask 0xffffffffffffffffff000000000000000000 set
cpu-bind=MASK - nid005229, task  6  6 [291089]: mask 0xffffffffffffffffff000000000000000000 set
cpu-bind=MASK - nid005229, task  7  7 [291090]: mask 0xffffffffffffffffff000000000000000000 set
cpu-bind=MASK - nid005229, task  8  8 [291091]: mask 0xffffffffffffffffff000000000000000000000000000000000000 set
cpu-bind=MASK - nid005229, task  9  9 [291092]: mask 0xffffffffffffffffff000000000000000000000000000000000000 set
cpu-bind=MASK - nid005229, task 10 10 [291093]: mask 0xffffffffffffffffff000000000000000000000000000000000000 set
cpu-bind=MASK - nid005229, task 11 11 [291094]: mask 0xffffffffffffffffff000000000000000000000000000000000000 set
cpu-bind=MASK - nid005229, task 12 12 [291095]: mask 0xffffffffffffffffff000000000000000000000000000000000000000000000000000000 set
cpu-bind=MASK - nid005229, task 13 13 [291096]: mask 0xffffffffffffffffff000000000000000000000000000000000000000000000000000000 set
cpu-bind=MASK - nid005229, task 14 14 [291097]: mask 0xffffffffffffffffff000000000000000000000000000000000000000000000000000000 set
cpu-bind=MASK - nid005229, task 15 15 [291098]: mask 0xffffffffffffffffff000000000000000000000000000000000000000000000000000000 set
# EXT_MPI verbose
# calls allreduce 5.900200e+04
# size allreduce 8.665249e+03
# timing allreduce 3.059092e-05
# calls reduce_scatter_block 1.660000e+02
# size reduce_scatter_block 1.893990e+07
# timing reduce_scatter_block 2.968694e-01
# calls allgather 2.200000e+01
# size allgather 6.367418e+05
# timing allgather 3.268752e-02
# calls reduce 2.012500e+03
# size reduce 4.520763e+04
# timing reduce 8.323609e-05
# calls bcast 1.654250e+03
# size bcast 7.953392e+03
# timing bcast 1.646304e-05
# timing finalize 4.214565e+02
cpu-bind=MASK - nid005229, task  0  0 [292937]: mask 0xffffffffffffffffff set
cpu-bind=MASK - nid005229, task  1  1 [292938]: mask 0xffffffffffffffffff set
cpu-bind=MASK - nid005229, task  2  2 [292939]: mask 0xffffffffffffffffff set
cpu-bind=MASK - nid005229, task  3  3 [292940]: mask 0xffffffffffffffffff set
cpu-bind=MASK - nid005229, task  4  4 [292941]: mask 0xffffffffffffffffff000000000000000000 set
cpu-bind=MASK - nid005229, task  5  5 [292942]: mask 0xffffffffffffffffff000000000000000000 set
cpu-bind=MASK - nid005229, task  6  6 [292943]: mask 0xffffffffffffffffff000000000000000000 set
cpu-bind=MASK - nid005229, task  7  7 [292944]: mask 0xffffffffffffffffff000000000000000000 set
cpu-bind=MASK - nid005229, task  8  8 [292945]: mask 0xffffffffffffffffff000000000000000000000000000000000000 set
cpu-bind=MASK - nid005229, task  9  9 [292946]: mask 0xffffffffffffffffff000000000000000000000000000000000000 set
cpu-bind=MASK - nid005229, task 10 10 [292947]: mask 0xffffffffffffffffff000000000000000000000000000000000000 set
cpu-bind=MASK - nid005229, task 11 11 [292948]: mask 0xffffffffffffffffff000000000000000000000000000000000000 set
cpu-bind=MASK - nid005229, task 12 12 [292949]: mask 0xffffffffffffffffff000000000000000000000000000000000000000000000000000000 set
cpu-bind=MASK - nid005229, task 13 13 [292950]: mask 0xffffffffffffffffff000000000000000000000000000000000000000000000000000000 set
cpu-bind=MASK - nid005229, task 14 14 [292951]: mask 0xffffffffffffffffff000000000000000000000000000000000000000000000000000000 set
cpu-bind=MASK - nid005229, task 15 15 [292952]: mask 0xffffffffffffffffff000000000000000000000000000000000000000000000000000000 set
# EXT_MPI verbose
# EXT_MPI blocking
# calls allreduce 5.900200e+04
# size allreduce 8.665251e+03
# timing allreduce 1.957543e-05
# calls my_allreduce 4.773900e+04
# size my_allreduce 3.501344e+03
# calls reduce_scatter_block 1.660000e+02
# size reduce_scatter_block 1.893990e+07
# timing reduce_scatter_block 2.548625e-01
# calls allgather 2.200000e+01
# size allgather 6.367418e+05
# timing allgather 3.980901e-02
# calls reduce 2.012500e+03
# size reduce 4.520763e+04
# timing reduce 8.376078e-05
# calls bcast 1.654250e+03
# size bcast 7.953392e+03
# timing bcast 1.561562e-05
# timing finalize 4.130370e+02
cpu-bind=MASK - nid005229, task  0  0 [294722]: mask 0xffffffffffffffffff set
cpu-bind=MASK - nid005229, task  1  1 [294723]: mask 0xffffffffffffffffff set
cpu-bind=MASK - nid005229, task  2  2 [294724]: mask 0xffffffffffffffffff set
cpu-bind=MASK - nid005229, task  3  3 [294725]: mask 0xffffffffffffffffff set
cpu-bind=MASK - nid005229, task  4  4 [294726]: mask 0xffffffffffffffffff000000000000000000 set
cpu-bind=MASK - nid005229, task  5  5 [294727]: mask 0xffffffffffffffffff000000000000000000 set
cpu-bind=MASK - nid005229, task  6  6 [294728]: mask 0xffffffffffffffffff000000000000000000 set
cpu-bind=MASK - nid005229, task  7  7 [294729]: mask 0xffffffffffffffffff000000000000000000 set
cpu-bind=MASK - nid005229, task  8  8 [294730]: mask 0xffffffffffffffffff000000000000000000000000000000000000 set
cpu-bind=MASK - nid005229, task  9  9 [294731]: mask 0xffffffffffffffffff000000000000000000000000000000000000 set
cpu-bind=MASK - nid005229, task 10 10 [294732]: mask 0xffffffffffffffffff000000000000000000000000000000000000 set
cpu-bind=MASK - nid005229, task 11 11 [294733]: mask 0xffffffffffffffffff000000000000000000000000000000000000 set
cpu-bind=MASK - nid005229, task 12 12 [294734]: mask 0xffffffffffffffffff000000000000000000000000000000000000000000000000000000 set
cpu-bind=MASK - nid005229, task 13 13 [294735]: mask 0xffffffffffffffffff000000000000000000000000000000000000000000000000000000 set
cpu-bind=MASK - nid005229, task 14 14 [294736]: mask 0xffffffffffffffffff000000000000000000000000000000000000000000000000000000 set
cpu-bind=MASK - nid005229, task 15 15 [294737]: mask 0xffffffffffffffffff000000000000000000000000000000000000000000000000000000 set
# EXT_MPI verbose
# EXT_MPI blocking
# calls allreduce 5.900200e+04
# size allreduce 8.665246e+03
# timing allreduce 1.958552e-05
# calls my_allreduce 4.773900e+04
# size my_allreduce 3.501340e+03
# calls reduce_scatter_block 1.660000e+02
# size reduce_scatter_block 1.893990e+07
# timing reduce_scatter_block 2.607860e-01
# calls allgather 2.200000e+01
# size allgather 6.367418e+05
# timing allgather 4.577269e-02
# calls reduce 2.012500e+03
# size reduce 4.520763e+04
# timing reduce 8.303995e-05
# calls bcast 1.654250e+03
# size bcast 7.953392e+03
# timing bcast 1.534952e-05
# timing finalize 4.180493e+02
