cpu-bind=MASK - nid005229, task  0  0 [281026]: mask 0xffffffffffffffffff set
cpu-bind=MASK - nid005229, task  1  1 [281027]: mask 0xffffffffffffffffff set
cpu-bind=MASK - nid005229, task  2  2 [281028]: mask 0xffffffffffffffffff set
cpu-bind=MASK - nid005229, task  3  3 [281029]: mask 0xffffffffffffffffff set
cpu-bind=MASK - nid005229, task  4  4 [281030]: mask 0xffffffffffffffffff000000000000000000 set
cpu-bind=MASK - nid005229, task  5  5 [281031]: mask 0xffffffffffffffffff000000000000000000 set
cpu-bind=MASK - nid005229, task  6  6 [281032]: mask 0xffffffffffffffffff000000000000000000 set
cpu-bind=MASK - nid005229, task  7  7 [281033]: mask 0xffffffffffffffffff000000000000000000 set
cpu-bind=MASK - nid005229, task  8  8 [281034]: mask 0xffffffffffffffffff000000000000000000000000000000000000 set
cpu-bind=MASK - nid005229, task  9  9 [281035]: mask 0xffffffffffffffffff000000000000000000000000000000000000 set
cpu-bind=MASK - nid005229, task 10 10 [281036]: mask 0xffffffffffffffffff000000000000000000000000000000000000 set
cpu-bind=MASK - nid005229, task 11 11 [281037]: mask 0xffffffffffffffffff000000000000000000000000000000000000 set
cpu-bind=MASK - nid005229, task 12 12 [281038]: mask 0xffffffffffffffffff000000000000000000000000000000000000000000000000000000 set
cpu-bind=MASK - nid005229, task 13 13 [281039]: mask 0xffffffffffffffffff000000000000000000000000000000000000000000000000000000 set
cpu-bind=MASK - nid005229, task 14 14 [281040]: mask 0xffffffffffffffffff000000000000000000000000000000000000000000000000000000 set
cpu-bind=MASK - nid005229, task 15 15 [281041]: mask 0xffffffffffffffffff000000000000000000000000000000000000000000000000000000 set
# EXT_MPI verbose
# calls allreduce 5.900200e+04
# size allreduce 8.665247e+03
# timing allreduce 2.770134e-05
# calls reduce_scatter_block 1.660000e+02
# size reduce_scatter_block 1.893990e+07
# timing reduce_scatter_block 2.986871e-01
# calls allgather 2.200000e+01
# size allgather 6.367418e+05
# timing allgather 3.105711e-02
# calls reduce 2.012500e+03
# size reduce 4.520763e+04
# timing reduce 8.544671e-05
# calls bcast 1.654250e+03
# size bcast 7.953392e+03
# timing bcast 1.521618e-05
# timing finalize 4.246953e+02
cpu-bind=MASK - nid005229, task  0  0 [283119]: mask 0xffffffffffffffffff set
cpu-bind=MASK - nid005229, task  1  1 [283120]: mask 0xffffffffffffffffff set
cpu-bind=MASK - nid005229, task  2  2 [283121]: mask 0xffffffffffffffffff set
cpu-bind=MASK - nid005229, task  3  3 [283122]: mask 0xffffffffffffffffff set
cpu-bind=MASK - nid005229, task  4  4 [283123]: mask 0xffffffffffffffffff000000000000000000 set
cpu-bind=MASK - nid005229, task  5  5 [283124]: mask 0xffffffffffffffffff000000000000000000 set
cpu-bind=MASK - nid005229, task  6  6 [283125]: mask 0xffffffffffffffffff000000000000000000 set
cpu-bind=MASK - nid005229, task  7  7 [283126]: mask 0xffffffffffffffffff000000000000000000 set
cpu-bind=MASK - nid005229, task  8  8 [283127]: mask 0xffffffffffffffffff000000000000000000000000000000000000 set
cpu-bind=MASK - nid005229, task  9  9 [283128]: mask 0xffffffffffffffffff000000000000000000000000000000000000 set
cpu-bind=MASK - nid005229, task 10 10 [283129]: mask 0xffffffffffffffffff000000000000000000000000000000000000 set
cpu-bind=MASK - nid005229, task 11 11 [283130]: mask 0xffffffffffffffffff000000000000000000000000000000000000 set
cpu-bind=MASK - nid005229, task 12 12 [283131]: mask 0xffffffffffffffffff000000000000000000000000000000000000000000000000000000 set
cpu-bind=MASK - nid005229, task 13 13 [283132]: mask 0xffffffffffffffffff000000000000000000000000000000000000000000000000000000 set
cpu-bind=MASK - nid005229, task 14 14 [283133]: mask 0xffffffffffffffffff000000000000000000000000000000000000000000000000000000 set
cpu-bind=MASK - nid005229, task 15 15 [283134]: mask 0xffffffffffffffffff000000000000000000000000000000000000000000000000000000 set
# EXT_MPI verbose
# EXT_MPI blocking
# calls allreduce 5.900200e+04
# size allreduce 8.665247e+03
# timing allreduce 1.972820e-05
# calls my_allreduce 4.773900e+04
# size my_allreduce 3.501340e+03
# calls reduce_scatter_block 1.660000e+02
# size reduce_scatter_block 1.893990e+07
# timing reduce_scatter_block 2.537387e-01
# calls allgather 2.200000e+01
# size allgather 6.367418e+05
# timing allgather 3.729180e-02
# calls reduce 2.012500e+03
# size reduce 4.520763e+04
# timing reduce 8.584993e-05
# calls bcast 1.654250e+03
# size bcast 7.953392e+03
# timing bcast 1.640697e-05
# timing finalize 4.158178e+02
cpu-bind=MASK - nid005229, task  0  0 [284889]: mask 0xffffffffffffffffff set
cpu-bind=MASK - nid005229, task  1  1 [284890]: mask 0xffffffffffffffffff set
cpu-bind=MASK - nid005229, task  2  2 [284891]: mask 0xffffffffffffffffff set
cpu-bind=MASK - nid005229, task  3  3 [284892]: mask 0xffffffffffffffffff set
cpu-bind=MASK - nid005229, task  4  4 [284893]: mask 0xffffffffffffffffff000000000000000000 set
cpu-bind=MASK - nid005229, task  5  5 [284894]: mask 0xffffffffffffffffff000000000000000000 set
cpu-bind=MASK - nid005229, task  6  6 [284895]: mask 0xffffffffffffffffff000000000000000000 set
cpu-bind=MASK - nid005229, task  7  7 [284896]: mask 0xffffffffffffffffff000000000000000000 set
cpu-bind=MASK - nid005229, task  8  8 [284897]: mask 0xffffffffffffffffff000000000000000000000000000000000000 set
cpu-bind=MASK - nid005229, task  9  9 [284898]: mask 0xffffffffffffffffff000000000000000000000000000000000000 set
cpu-bind=MASK - nid005229, task 10 10 [284899]: mask 0xffffffffffffffffff000000000000000000000000000000000000 set
cpu-bind=MASK - nid005229, task 11 11 [284900]: mask 0xffffffffffffffffff000000000000000000000000000000000000 set
cpu-bind=MASK - nid005229, task 12 12 [284901]: mask 0xffffffffffffffffff000000000000000000000000000000000000000000000000000000 set
cpu-bind=MASK - nid005229, task 13 13 [284902]: mask 0xffffffffffffffffff000000000000000000000000000000000000000000000000000000 set
cpu-bind=MASK - nid005229, task 14 14 [284903]: mask 0xffffffffffffffffff000000000000000000000000000000000000000000000000000000 set
cpu-bind=MASK - nid005229, task 15 15 [284904]: mask 0xffffffffffffffffff000000000000000000000000000000000000000000000000000000 set
# EXT_MPI verbose
# EXT_MPI blocking
# calls allreduce 5.900200e+04
# size allreduce 8.665248e+03
# timing allreduce 1.962484e-05
# calls my_allreduce 4.773900e+04
# size my_allreduce 3.501341e+03
# calls reduce_scatter_block 1.660000e+02
# size reduce_scatter_block 1.893990e+07
# timing reduce_scatter_block 2.579987e-01
# calls allgather 2.200000e+01
# size allgather 6.367418e+05
# timing allgather 4.045129e-02
# calls reduce 2.012500e+03
# size reduce 4.520763e+04
# timing reduce 8.651245e-05
# calls bcast 1.654250e+03
# size bcast 7.953392e+03
# timing bcast 1.540138e-05
# timing finalize 4.161509e+02
