cpu-bind=MASK - nid005229, task  0  0 [12020]: mask 0xffffffffffffffffff set
cpu-bind=MASK - nid005229, task  1  1 [12021]: mask 0xffffffffffffffffff set
cpu-bind=MASK - nid005229, task  2  2 [12022]: mask 0xffffffffffffffffff set
cpu-bind=MASK - nid005229, task  3  3 [12023]: mask 0xffffffffffffffffff set
cpu-bind=MASK - nid005229, task  4  4 [12024]: mask 0xffffffffffffffffff000000000000000000 set
cpu-bind=MASK - nid005229, task  5  5 [12025]: mask 0xffffffffffffffffff000000000000000000 set
cpu-bind=MASK - nid005229, task  6  6 [12026]: mask 0xffffffffffffffffff000000000000000000 set
cpu-bind=MASK - nid005229, task  7  7 [12027]: mask 0xffffffffffffffffff000000000000000000 set
cpu-bind=MASK - nid005229, task  8  8 [12028]: mask 0xffffffffffffffffff000000000000000000000000000000000000 set
cpu-bind=MASK - nid005229, task  9  9 [12029]: mask 0xffffffffffffffffff000000000000000000000000000000000000 set
cpu-bind=MASK - nid005229, task 10 10 [12030]: mask 0xffffffffffffffffff000000000000000000000000000000000000 set
cpu-bind=MASK - nid005229, task 11 11 [12031]: mask 0xffffffffffffffffff000000000000000000000000000000000000 set
cpu-bind=MASK - nid005229, task 12 12 [12032]: mask 0xffffffffffffffffff000000000000000000000000000000000000000000000000000000 set
cpu-bind=MASK - nid005229, task 13 13 [12033]: mask 0xffffffffffffffffff000000000000000000000000000000000000000000000000000000 set
cpu-bind=MASK - nid005229, task 14 14 [12034]: mask 0xffffffffffffffffff000000000000000000000000000000000000000000000000000000 set
cpu-bind=MASK - nid005229, task 15 15 [12035]: mask 0xffffffffffffffffff000000000000000000000000000000000000000000000000000000 set
# EXT_MPI verbose
# calls allreduce 5.900200e+04
# size allreduce 8.665248e+03
# timing allreduce 2.745105e-05
# calls reduce_scatter_block 1.660000e+02
# size reduce_scatter_block 1.893990e+07
# timing reduce_scatter_block 2.932789e-01
# calls allgather 2.200000e+01
# size allgather 6.367418e+05
# timing allgather 3.965343e-02
# calls reduce 2.012500e+03
# size reduce 4.520763e+04
# timing reduce 1.176471e-04
# calls bcast 1.654250e+03
# size bcast 7.953392e+03
# timing bcast 1.527100e-05
# timing finalize 4.206062e+02
cpu-bind=MASK - nid005229, task  0  0 [14145]: mask 0xffffffffffffffffff set
cpu-bind=MASK - nid005229, task  1  1 [14146]: mask 0xffffffffffffffffff set
cpu-bind=MASK - nid005229, task  2  2 [14147]: mask 0xffffffffffffffffff set
cpu-bind=MASK - nid005229, task  3  3 [14148]: mask 0xffffffffffffffffff set
cpu-bind=MASK - nid005229, task  4  4 [14149]: mask 0xffffffffffffffffff000000000000000000 set
cpu-bind=MASK - nid005229, task  5  5 [14150]: mask 0xffffffffffffffffff000000000000000000 set
cpu-bind=MASK - nid005229, task  6  6 [14151]: mask 0xffffffffffffffffff000000000000000000 set
cpu-bind=MASK - nid005229, task  7  7 [14152]: mask 0xffffffffffffffffff000000000000000000 set
cpu-bind=MASK - nid005229, task  8  8 [14153]: mask 0xffffffffffffffffff000000000000000000000000000000000000 set
cpu-bind=MASK - nid005229, task  9  9 [14154]: mask 0xffffffffffffffffff000000000000000000000000000000000000 set
cpu-bind=MASK - nid005229, task 10 10 [14155]: mask 0xffffffffffffffffff000000000000000000000000000000000000 set
cpu-bind=MASK - nid005229, task 11 11 [14156]: mask 0xffffffffffffffffff000000000000000000000000000000000000 set
cpu-bind=MASK - nid005229, task 12 12 [14157]: mask 0xffffffffffffffffff000000000000000000000000000000000000000000000000000000 set
cpu-bind=MASK - nid005229, task 13 13 [14158]: mask 0xffffffffffffffffff000000000000000000000000000000000000000000000000000000 set
cpu-bind=MASK - nid005229, task 14 14 [14159]: mask 0xffffffffffffffffff000000000000000000000000000000000000000000000000000000 set
cpu-bind=MASK - nid005229, task 15 15 [14160]: mask 0xffffffffffffffffff000000000000000000000000000000000000000000000000000000 set
# EXT_MPI verbose
# EXT_MPI blocking
# calls allreduce 5.900200e+04
# size allreduce 8.665251e+03
# timing allreduce 1.946337e-05
# calls my_allreduce 4.773900e+04
# size my_allreduce 3.501344e+03
# calls reduce_scatter_block 1.660000e+02
# size reduce_scatter_block 1.893990e+07
# timing reduce_scatter_block 2.571201e-01
# calls allgather 2.200000e+01
# size allgather 6.367418e+05
# timing allgather 3.306691e-02
# calls reduce 2.012500e+03
# size reduce 4.520763e+04
# timing reduce 8.192257e-05
# calls bcast 1.654250e+03
# size bcast 7.953392e+03
# timing bcast 1.537271e-05
# timing finalize 4.150967e+02
cpu-bind=MASK - nid005229, task  0  0 [15983]: mask 0xffffffffffffffffff set
cpu-bind=MASK - nid005229, task  1  1 [15984]: mask 0xffffffffffffffffff set
cpu-bind=MASK - nid005229, task  2  2 [15985]: mask 0xffffffffffffffffff set
cpu-bind=MASK - nid005229, task  3  3 [15986]: mask 0xffffffffffffffffff set
cpu-bind=MASK - nid005229, task  4  4 [15987]: mask 0xffffffffffffffffff000000000000000000 set
cpu-bind=MASK - nid005229, task  5  5 [15988]: mask 0xffffffffffffffffff000000000000000000 set
cpu-bind=MASK - nid005229, task  6  6 [15989]: mask 0xffffffffffffffffff000000000000000000 set
cpu-bind=MASK - nid005229, task  7  7 [15990]: mask 0xffffffffffffffffff000000000000000000 set
cpu-bind=MASK - nid005229, task  8  8 [15991]: mask 0xffffffffffffffffff000000000000000000000000000000000000 set
cpu-bind=MASK - nid005229, task  9  9 [15992]: mask 0xffffffffffffffffff000000000000000000000000000000000000 set
cpu-bind=MASK - nid005229, task 10 10 [15993]: mask 0xffffffffffffffffff000000000000000000000000000000000000 set
cpu-bind=MASK - nid005229, task 11 11 [15994]: mask 0xffffffffffffffffff000000000000000000000000000000000000 set
cpu-bind=MASK - nid005229, task 12 12 [15995]: mask 0xffffffffffffffffff000000000000000000000000000000000000000000000000000000 set
cpu-bind=MASK - nid005229, task 13 13 [15996]: mask 0xffffffffffffffffff000000000000000000000000000000000000000000000000000000 set
cpu-bind=MASK - nid005229, task 14 14 [15997]: mask 0xffffffffffffffffff000000000000000000000000000000000000000000000000000000 set
cpu-bind=MASK - nid005229, task 15 15 [15998]: mask 0xffffffffffffffffff000000000000000000000000000000000000000000000000000000 set
# EXT_MPI verbose
# EXT_MPI blocking
# calls allreduce 5.900200e+04
# size allreduce 8.665247e+03
# timing allreduce 2.031960e-05
# calls my_allreduce 4.773900e+04
# size my_allreduce 3.501341e+03
# calls reduce_scatter_block 1.660000e+02
# size reduce_scatter_block 1.893990e+07
# timing reduce_scatter_block 2.554471e-01
# calls allgather 2.200000e+01
# size allgather 6.367418e+05
# timing allgather 3.295430e-02
# calls reduce 2.012500e+03
# size reduce 4.520763e+04
# timing reduce 8.470351e-05
# calls bcast 1.654250e+03
# size bcast 7.953392e+03
# timing bcast 1.778286e-05
# timing finalize 4.170942e+02
