cpu-bind=MASK - nid005229, task  0  0 [30481]: mask 0xffffffffffffffffff set
cpu-bind=MASK - nid005229, task  1  1 [30482]: mask 0xffffffffffffffffff set
cpu-bind=MASK - nid005229, task  2  2 [30483]: mask 0xffffffffffffffffff set
cpu-bind=MASK - nid005229, task  3  3 [30484]: mask 0xffffffffffffffffff set
cpu-bind=MASK - nid005229, task  4  4 [30485]: mask 0xffffffffffffffffff000000000000000000 set
cpu-bind=MASK - nid005229, task  5  5 [30486]: mask 0xffffffffffffffffff000000000000000000 set
cpu-bind=MASK - nid005229, task  6  6 [30487]: mask 0xffffffffffffffffff000000000000000000 set
cpu-bind=MASK - nid005229, task  7  7 [30488]: mask 0xffffffffffffffffff000000000000000000 set
cpu-bind=MASK - nid005229, task  8  8 [30489]: mask 0xffffffffffffffffff000000000000000000000000000000000000 set
cpu-bind=MASK - nid005229, task  9  9 [30490]: mask 0xffffffffffffffffff000000000000000000000000000000000000 set
cpu-bind=MASK - nid005229, task 10 10 [30491]: mask 0xffffffffffffffffff000000000000000000000000000000000000 set
cpu-bind=MASK - nid005229, task 11 11 [30492]: mask 0xffffffffffffffffff000000000000000000000000000000000000 set
cpu-bind=MASK - nid005229, task 12 12 [30493]: mask 0xffffffffffffffffff000000000000000000000000000000000000000000000000000000 set
cpu-bind=MASK - nid005229, task 13 13 [30494]: mask 0xffffffffffffffffff000000000000000000000000000000000000000000000000000000 set
cpu-bind=MASK - nid005229, task 14 14 [30495]: mask 0xffffffffffffffffff000000000000000000000000000000000000000000000000000000 set
cpu-bind=MASK - nid005229, task 15 15 [30496]: mask 0xffffffffffffffffff000000000000000000000000000000000000000000000000000000 set
# EXT_MPI verbose
# calls allreduce 5.900200e+04
# size allreduce 8.665248e+03
# timing allreduce 2.784003e-05
# calls reduce_scatter_block 1.660000e+02
# size reduce_scatter_block 1.893990e+07
# timing reduce_scatter_block 2.950346e-01
# calls allgather 2.200000e+01
# size allgather 6.367418e+05
# timing allgather 4.036957e-02
# calls reduce 2.012500e+03
# size reduce 4.520763e+04
# timing reduce 8.892409e-05
# calls bcast 1.654250e+03
# size bcast 7.953392e+03
# timing bcast 1.506871e-05
# timing finalize 4.212151e+02
cpu-bind=MASK - nid005229, task  0  0 [32570]: mask 0xffffffffffffffffff set
cpu-bind=MASK - nid005229, task  1  1 [32571]: mask 0xffffffffffffffffff set
cpu-bind=MASK - nid005229, task  2  2 [32572]: mask 0xffffffffffffffffff set
cpu-bind=MASK - nid005229, task  3  3 [32573]: mask 0xffffffffffffffffff set
cpu-bind=MASK - nid005229, task  4  4 [32574]: mask 0xffffffffffffffffff000000000000000000 set
cpu-bind=MASK - nid005229, task  5  5 [32575]: mask 0xffffffffffffffffff000000000000000000 set
cpu-bind=MASK - nid005229, task  6  6 [32576]: mask 0xffffffffffffffffff000000000000000000 set
cpu-bind=MASK - nid005229, task  7  7 [32578]: mask 0xffffffffffffffffff000000000000000000 set
cpu-bind=MASK - nid005229, task  8  8 [32579]: mask 0xffffffffffffffffff000000000000000000000000000000000000 set
cpu-bind=MASK - nid005229, task  9  9 [32580]: mask 0xffffffffffffffffff000000000000000000000000000000000000 set
cpu-bind=MASK - nid005229, task 10 10 [32581]: mask 0xffffffffffffffffff000000000000000000000000000000000000 set
cpu-bind=MASK - nid005229, task 11 11 [32582]: mask 0xffffffffffffffffff000000000000000000000000000000000000 set
cpu-bind=MASK - nid005229, task 12 12 [32583]: mask 0xffffffffffffffffff000000000000000000000000000000000000000000000000000000 set
cpu-bind=MASK - nid005229, task 13 13 [32584]: mask 0xffffffffffffffffff000000000000000000000000000000000000000000000000000000 set
cpu-bind=MASK - nid005229, task 14 14 [32585]: mask 0xffffffffffffffffff000000000000000000000000000000000000000000000000000000 set
cpu-bind=MASK - nid005229, task 15 15 [32586]: mask 0xffffffffffffffffff000000000000000000000000000000000000000000000000000000 set
# EXT_MPI verbose
# EXT_MPI blocking
# calls allreduce 5.900200e+04
# size allreduce 8.665246e+03
# timing allreduce 1.963948e-05
# calls my_allreduce 4.773900e+04
# size my_allreduce 3.501340e+03
# calls reduce_scatter_block 1.660000e+02
# size reduce_scatter_block 1.893990e+07
# timing reduce_scatter_block 2.593094e-01
# calls allgather 2.200000e+01
# size allgather 6.367418e+05
# timing allgather 4.195383e-02
# calls reduce 2.012500e+03
# size reduce 4.520763e+04
# timing reduce 8.554592e-05
# calls bcast 1.654250e+03
# size bcast 7.953392e+03
# timing bcast 1.609315e-05
# timing finalize 4.180523e+02
cpu-bind=MASK - nid005229, task  0  0 [34310]: mask 0xffffffffffffffffff set
cpu-bind=MASK - nid005229, task  1  1 [34311]: mask 0xffffffffffffffffff set
cpu-bind=MASK - nid005229, task  2  2 [34312]: mask 0xffffffffffffffffff set
cpu-bind=MASK - nid005229, task  3  3 [34313]: mask 0xffffffffffffffffff set
cpu-bind=MASK - nid005229, task  4  4 [34314]: mask 0xffffffffffffffffff000000000000000000 set
cpu-bind=MASK - nid005229, task  5  5 [34315]: mask 0xffffffffffffffffff000000000000000000 set
cpu-bind=MASK - nid005229, task  6  6 [34316]: mask 0xffffffffffffffffff000000000000000000 set
cpu-bind=MASK - nid005229, task  7  7 [34317]: mask 0xffffffffffffffffff000000000000000000 set
cpu-bind=MASK - nid005229, task  8  8 [34318]: mask 0xffffffffffffffffff000000000000000000000000000000000000 set
cpu-bind=MASK - nid005229, task  9  9 [34319]: mask 0xffffffffffffffffff000000000000000000000000000000000000 set
cpu-bind=MASK - nid005229, task 10 10 [34320]: mask 0xffffffffffffffffff000000000000000000000000000000000000 set
cpu-bind=MASK - nid005229, task 11 11 [34321]: mask 0xffffffffffffffffff000000000000000000000000000000000000 set
cpu-bind=MASK - nid005229, task 12 12 [34322]: mask 0xffffffffffffffffff000000000000000000000000000000000000000000000000000000 set
cpu-bind=MASK - nid005229, task 13 13 [34323]: mask 0xffffffffffffffffff000000000000000000000000000000000000000000000000000000 set
cpu-bind=MASK - nid005229, task 14 14 [34324]: mask 0xffffffffffffffffff000000000000000000000000000000000000000000000000000000 set
cpu-bind=MASK - nid005229, task 15 15 [34325]: mask 0xffffffffffffffffff000000000000000000000000000000000000000000000000000000 set
# EXT_MPI verbose
# EXT_MPI blocking
# calls allreduce 5.900200e+04
# size allreduce 8.665252e+03
# timing allreduce 1.915821e-05
# calls my_allreduce 4.773900e+04
# size my_allreduce 3.501346e+03
# calls reduce_scatter_block 1.660000e+02
# size reduce_scatter_block 1.893990e+07
# timing reduce_scatter_block 2.562672e-01
# calls allgather 2.200000e+01
# size allgather 6.367418e+05
# timing allgather 3.463058e-02
# calls reduce 2.012500e+03
# size reduce 4.520763e+04
# timing reduce 8.584613e-05
# calls bcast 1.654250e+03
# size bcast 7.953392e+03
# timing bcast 1.605153e-05
# timing finalize 4.164584e+02
