cpu-bind=MASK - nid005229, task  0  0 [259314]: mask 0xffffffffffffffffff set
cpu-bind=MASK - nid005229, task  1  1 [259315]: mask 0xffffffffffffffffff set
cpu-bind=MASK - nid005229, task  2  2 [259316]: mask 0xffffffffffffffffff set
cpu-bind=MASK - nid005229, task  3  3 [259317]: mask 0xffffffffffffffffff set
cpu-bind=MASK - nid005229, task  4  4 [259318]: mask 0xffffffffffffffffff000000000000000000 set
cpu-bind=MASK - nid005229, task  5  5 [259319]: mask 0xffffffffffffffffff000000000000000000 set
cpu-bind=MASK - nid005229, task  6  6 [259320]: mask 0xffffffffffffffffff000000000000000000 set
cpu-bind=MASK - nid005229, task  7  7 [259321]: mask 0xffffffffffffffffff000000000000000000 set
cpu-bind=MASK - nid005229, task  8  8 [259322]: mask 0xffffffffffffffffff000000000000000000000000000000000000 set
cpu-bind=MASK - nid005229, task  9  9 [259323]: mask 0xffffffffffffffffff000000000000000000000000000000000000 set
cpu-bind=MASK - nid005229, task 10 10 [259324]: mask 0xffffffffffffffffff000000000000000000000000000000000000 set
cpu-bind=MASK - nid005229, task 11 11 [259325]: mask 0xffffffffffffffffff000000000000000000000000000000000000 set
cpu-bind=MASK - nid005229, task 12 12 [259326]: mask 0xffffffffffffffffff000000000000000000000000000000000000000000000000000000 set
cpu-bind=MASK - nid005229, task 13 13 [259327]: mask 0xffffffffffffffffff000000000000000000000000000000000000000000000000000000 set
cpu-bind=MASK - nid005229, task 14 14 [259328]: mask 0xffffffffffffffffff000000000000000000000000000000000000000000000000000000 set
cpu-bind=MASK - nid005229, task 15 15 [259329]: mask 0xffffffffffffffffff000000000000000000000000000000000000000000000000000000 set
# EXT_MPI verbose
# calls allreduce 5.900200e+04
# size allreduce 8.665246e+03
# timing allreduce 2.755936e-05
# calls reduce_scatter_block 1.660000e+02
# size reduce_scatter_block 1.893990e+07
# timing reduce_scatter_block 2.928011e-01
# calls allgather 2.200000e+01
# size allgather 6.367418e+05
# timing allgather 3.379613e-02
# calls reduce 2.012500e+03
# size reduce 4.520763e+04
# timing reduce 9.891747e-05
# calls bcast 1.654250e+03
# size bcast 7.953392e+03
# timing bcast 1.567415e-05
# timing finalize 4.212854e+02
cpu-bind=MASK - nid005229, task  0  0 [261221]: mask 0xffffffffffffffffff set
cpu-bind=MASK - nid005229, task  1  1 [261222]: mask 0xffffffffffffffffff set
cpu-bind=MASK - nid005229, task  2  2 [261223]: mask 0xffffffffffffffffff set
cpu-bind=MASK - nid005229, task  3  3 [261224]: mask 0xffffffffffffffffff set
cpu-bind=MASK - nid005229, task  4  4 [261225]: mask 0xffffffffffffffffff000000000000000000 set
cpu-bind=MASK - nid005229, task  5  5 [261226]: mask 0xffffffffffffffffff000000000000000000 set
cpu-bind=MASK - nid005229, task  6  6 [261227]: mask 0xffffffffffffffffff000000000000000000 set
cpu-bind=MASK - nid005229, task  7  7 [261228]: mask 0xffffffffffffffffff000000000000000000 set
cpu-bind=MASK - nid005229, task  8  8 [261229]: mask 0xffffffffffffffffff000000000000000000000000000000000000 set
cpu-bind=MASK - nid005229, task  9  9 [261230]: mask 0xffffffffffffffffff000000000000000000000000000000000000 set
cpu-bind=MASK - nid005229, task 10 10 [261231]: mask 0xffffffffffffffffff000000000000000000000000000000000000 set
cpu-bind=MASK - nid005229, task 11 11 [261232]: mask 0xffffffffffffffffff000000000000000000000000000000000000 set
cpu-bind=MASK - nid005229, task 12 12 [261233]: mask 0xffffffffffffffffff000000000000000000000000000000000000000000000000000000 set
cpu-bind=MASK - nid005229, task 13 13 [261234]: mask 0xffffffffffffffffff000000000000000000000000000000000000000000000000000000 set
cpu-bind=MASK - nid005229, task 14 14 [261235]: mask 0xffffffffffffffffff000000000000000000000000000000000000000000000000000000 set
cpu-bind=MASK - nid005229, task 15 15 [261236]: mask 0xffffffffffffffffff000000000000000000000000000000000000000000000000000000 set
# EXT_MPI verbose
# EXT_MPI blocking
# calls allreduce 5.900200e+04
# size allreduce 8.665248e+03
# timing allreduce 2.007086e-05
# calls my_allreduce 4.773900e+04
# size my_allreduce 3.501342e+03
# calls reduce_scatter_block 1.660000e+02
# size reduce_scatter_block 1.893990e+07
# timing reduce_scatter_block 2.558371e-01
# calls allgather 2.200000e+01
# size allgather 6.367418e+05
# timing allgather 3.418726e-02
# calls reduce 2.012500e+03
# size reduce 4.520763e+04
# timing reduce 8.505272e-05
# calls bcast 1.654250e+03
# size bcast 7.953392e+03
# timing bcast 1.641240e-05
# timing finalize 4.156983e+02
cpu-bind=MASK - nid005229, task  0  0 [263024]: mask 0xffffffffffffffffff set
cpu-bind=MASK - nid005229, task  1  1 [263025]: mask 0xffffffffffffffffff set
cpu-bind=MASK - nid005229, task  2  2 [263026]: mask 0xffffffffffffffffff set
cpu-bind=MASK - nid005229, task  3  3 [263027]: mask 0xffffffffffffffffff set
cpu-bind=MASK - nid005229, task  4  4 [263028]: mask 0xffffffffffffffffff000000000000000000 set
cpu-bind=MASK - nid005229, task  5  5 [263029]: mask 0xffffffffffffffffff000000000000000000 set
cpu-bind=MASK - nid005229, task  6  6 [263030]: mask 0xffffffffffffffffff000000000000000000 set
cpu-bind=MASK - nid005229, task  7  7 [263031]: mask 0xffffffffffffffffff000000000000000000 set
cpu-bind=MASK - nid005229, task  8  8 [263032]: mask 0xffffffffffffffffff000000000000000000000000000000000000 set
cpu-bind=MASK - nid005229, task  9  9 [263033]: mask 0xffffffffffffffffff000000000000000000000000000000000000 set
cpu-bind=MASK - nid005229, task 10 10 [263034]: mask 0xffffffffffffffffff000000000000000000000000000000000000 set
cpu-bind=MASK - nid005229, task 11 11 [263035]: mask 0xffffffffffffffffff000000000000000000000000000000000000 set
cpu-bind=MASK - nid005229, task 12 12 [263036]: mask 0xffffffffffffffffff000000000000000000000000000000000000000000000000000000 set
cpu-bind=MASK - nid005229, task 13 13 [263037]: mask 0xffffffffffffffffff000000000000000000000000000000000000000000000000000000 set
cpu-bind=MASK - nid005229, task 14 14 [263038]: mask 0xffffffffffffffffff000000000000000000000000000000000000000000000000000000 set
cpu-bind=MASK - nid005229, task 15 15 [263039]: mask 0xffffffffffffffffff000000000000000000000000000000000000000000000000000000 set
# EXT_MPI verbose
# EXT_MPI blocking
# calls allreduce 5.900200e+04
# size allreduce 8.665251e+03
# timing allreduce 1.947632e-05
# calls my_allreduce 4.773900e+04
# size my_allreduce 3.501344e+03
# calls reduce_scatter_block 1.660000e+02
# size reduce_scatter_block 1.893990e+07
# timing reduce_scatter_block 2.552275e-01
# calls allgather 2.200000e+01
# size allgather 6.367418e+05
# timing allgather 3.815555e-02
# calls reduce 2.012500e+03
# size reduce 4.520763e+04
# timing reduce 8.310740e-05
# calls bcast 1.654250e+03
# size bcast 7.953392e+03
# timing bcast 1.548280e-05
# timing finalize 4.170548e+02
