cpu-bind=MASK - nid005229, task  0  0 [216970]: mask 0xffffffffffffffffff set
cpu-bind=MASK - nid005229, task  1  1 [216971]: mask 0xffffffffffffffffff set
cpu-bind=MASK - nid005229, task  2  2 [216972]: mask 0xffffffffffffffffff set
cpu-bind=MASK - nid005229, task  3  3 [216973]: mask 0xffffffffffffffffff set
cpu-bind=MASK - nid005229, task  4  4 [216974]: mask 0xffffffffffffffffff000000000000000000 set
cpu-bind=MASK - nid005229, task  5  5 [216975]: mask 0xffffffffffffffffff000000000000000000 set
cpu-bind=MASK - nid005229, task  6  6 [216976]: mask 0xffffffffffffffffff000000000000000000 set
cpu-bind=MASK - nid005229, task  7  7 [216977]: mask 0xffffffffffffffffff000000000000000000 set
cpu-bind=MASK - nid005229, task  8  8 [216978]: mask 0xffffffffffffffffff000000000000000000000000000000000000 set
cpu-bind=MASK - nid005229, task  9  9 [216979]: mask 0xffffffffffffffffff000000000000000000000000000000000000 set
cpu-bind=MASK - nid005229, task 10 10 [216980]: mask 0xffffffffffffffffff000000000000000000000000000000000000 set
cpu-bind=MASK - nid005229, task 11 11 [216981]: mask 0xffffffffffffffffff000000000000000000000000000000000000 set
cpu-bind=MASK - nid005229, task 12 12 [216982]: mask 0xffffffffffffffffff000000000000000000000000000000000000000000000000000000 set
cpu-bind=MASK - nid005229, task 13 13 [216983]: mask 0xffffffffffffffffff000000000000000000000000000000000000000000000000000000 set
cpu-bind=MASK - nid005229, task 14 14 [216984]: mask 0xffffffffffffffffff000000000000000000000000000000000000000000000000000000 set
cpu-bind=MASK - nid005229, task 15 15 [216985]: mask 0xffffffffffffffffff000000000000000000000000000000000000000000000000000000 set
# EXT_MPI verbose
# calls allreduce 2.949940e+05
# size allreduce 3.648955e+03
# timing allreduce 2.942785e-05
# calls reduce_scatter_block 4.600000e+01
# size reduce_scatter_block 2.097152e+06
# timing reduce_scatter_block 9.764313e-02
# calls allgather 3.500000e+01
# size allgather 2.097152e+06
# timing allgather 1.062899e-03
# calls reduce 2.130700e+04
# size reduce 4.600419e+05
# timing reduce 1.480385e-04
# calls bcast 8.766000e+03
# size bcast 5.297559e+05
# timing bcast 1.475285e-04
# timing finalize 2.768773e+02
cpu-bind=MASK - nid005229, task  0  0 [218101]: mask 0xffffffffffffffffff set
cpu-bind=MASK - nid005229, task  1  1 [218102]: mask 0xffffffffffffffffff set
cpu-bind=MASK - nid005229, task  2  2 [218103]: mask 0xffffffffffffffffff set
cpu-bind=MASK - nid005229, task  3  3 [218104]: mask 0xffffffffffffffffff set
cpu-bind=MASK - nid005229, task  4  4 [218105]: mask 0xffffffffffffffffff000000000000000000 set
cpu-bind=MASK - nid005229, task  5  5 [218106]: mask 0xffffffffffffffffff000000000000000000 set
cpu-bind=MASK - nid005229, task  6  6 [218107]: mask 0xffffffffffffffffff000000000000000000 set
cpu-bind=MASK - nid005229, task  7  7 [218108]: mask 0xffffffffffffffffff000000000000000000 set
cpu-bind=MASK - nid005229, task  8  8 [218109]: mask 0xffffffffffffffffff000000000000000000000000000000000000 set
cpu-bind=MASK - nid005229, task  9  9 [218110]: mask 0xffffffffffffffffff000000000000000000000000000000000000 set
cpu-bind=MASK - nid005229, task 10 10 [218111]: mask 0xffffffffffffffffff000000000000000000000000000000000000 set
cpu-bind=MASK - nid005229, task 11 11 [218112]: mask 0xffffffffffffffffff000000000000000000000000000000000000 set
cpu-bind=MASK - nid005229, task 12 12 [218113]: mask 0xffffffffffffffffff000000000000000000000000000000000000000000000000000000 set
cpu-bind=MASK - nid005229, task 13 13 [218114]: mask 0xffffffffffffffffff000000000000000000000000000000000000000000000000000000 set
cpu-bind=MASK - nid005229, task 14 14 [218115]: mask 0xffffffffffffffffff000000000000000000000000000000000000000000000000000000 set
cpu-bind=MASK - nid005229, task 15 15 [218116]: mask 0xffffffffffffffffff000000000000000000000000000000000000000000000000000000 set
# EXT_MPI verbose
# EXT_MPI blocking
# calls allreduce 2.949940e+05
# size allreduce 3.648954e+03
# timing allreduce 1.414495e-05
# calls my_allreduce 2.835470e+05
# size my_allreduce 3.730720e+03
# calls reduce_scatter_block 4.600000e+01
# size reduce_scatter_block 2.097152e+06
# timing reduce_scatter_block 4.059773e-03
# calls allgather 3.500000e+01
# size allgather 2.097152e+06
# timing allgather 8.678705e-03
# calls reduce 2.130700e+04
# size reduce 4.600419e+05
# timing reduce 1.495694e-04
# calls bcast 8.766000e+03
# size bcast 5.297559e+05
# timing bcast 1.484159e-04
# timing finalize 2.734796e+02
srun: Job 7490 step creation temporarily disabled, retrying (Requested nodes are busy)
srun: Step created for StepId=7490.3
cpu-bind=MASK - nid005229, task  0  0 [219616]: mask 0xffffffffffffffffff set
cpu-bind=MASK - nid005229, task  1  1 [219617]: mask 0xffffffffffffffffff set
cpu-bind=MASK - nid005229, task  2  2 [219618]: mask 0xffffffffffffffffff set
cpu-bind=MASK - nid005229, task  3  3 [219619]: mask 0xffffffffffffffffff set
cpu-bind=MASK - nid005229, task  4  4 [219620]: mask 0xffffffffffffffffff000000000000000000 set
cpu-bind=MASK - nid005229, task  5  5 [219621]: mask 0xffffffffffffffffff000000000000000000 set
cpu-bind=MASK - nid005229, task  6  6 [219622]: mask 0xffffffffffffffffff000000000000000000 set
cpu-bind=MASK - nid005229, task  7  7 [219623]: mask 0xffffffffffffffffff000000000000000000 set
cpu-bind=MASK - nid005229, task  8  8 [219624]: mask 0xffffffffffffffffff000000000000000000000000000000000000 set
cpu-bind=MASK - nid005229, task  9  9 [219625]: mask 0xffffffffffffffffff000000000000000000000000000000000000 set
cpu-bind=MASK - nid005229, task 10 10 [219626]: mask 0xffffffffffffffffff000000000000000000000000000000000000 set
cpu-bind=MASK - nid005229, task 11 11 [219627]: mask 0xffffffffffffffffff000000000000000000000000000000000000 set
cpu-bind=MASK - nid005229, task 12 12 [219628]: mask 0xffffffffffffffffff000000000000000000000000000000000000000000000000000000 set
cpu-bind=MASK - nid005229, task 13 13 [219629]: mask 0xffffffffffffffffff000000000000000000000000000000000000000000000000000000 set
cpu-bind=MASK - nid005229, task 14 14 [219630]: mask 0xffffffffffffffffff000000000000000000000000000000000000000000000000000000 set
cpu-bind=MASK - nid005229, task 15 15 [219631]: mask 0xffffffffffffffffff000000000000000000000000000000000000000000000000000000 set
# EXT_MPI verbose
# EXT_MPI blocking
# calls allreduce 2.908535e+05
# size allreduce 3.645942e+03
# timing allreduce 1.420942e-05
# calls my_allreduce 2.794525e+05
# size my_allreduce 3.728553e+03
# calls reduce_scatter_block 4.600000e+01
# size reduce_scatter_block 2.097152e+06
# timing reduce_scatter_block 3.968771e-03
# calls allgather 3.500000e+01
# size allgather 2.097152e+06
# timing allgather 8.607527e-03
# calls reduce 2.124300e+04
# size reduce 4.610330e+05
# timing reduce 1.476132e-04
# calls bcast 8.766000e+03
# size bcast 5.297559e+05
# timing bcast 1.440076e-04
# timing finalize 2.727849e+02
