cpu-bind=MASK - nid005229, task  0  0 [184063]: mask 0xffffffffffffffffff set
cpu-bind=MASK - nid005229, task  1  1 [184064]: mask 0xffffffffffffffffff set
cpu-bind=MASK - nid005229, task  2  2 [184065]: mask 0xffffffffffffffffff set
cpu-bind=MASK - nid005229, task  3  3 [184066]: mask 0xffffffffffffffffff set
cpu-bind=MASK - nid005229, task  4  4 [184067]: mask 0xffffffffffffffffff000000000000000000 set
cpu-bind=MASK - nid005229, task  5  5 [184068]: mask 0xffffffffffffffffff000000000000000000 set
cpu-bind=MASK - nid005229, task  6  6 [184069]: mask 0xffffffffffffffffff000000000000000000 set
cpu-bind=MASK - nid005229, task  7  7 [184070]: mask 0xffffffffffffffffff000000000000000000 set
cpu-bind=MASK - nid005229, task  8  8 [184071]: mask 0xffffffffffffffffff000000000000000000000000000000000000 set
cpu-bind=MASK - nid005229, task  9  9 [184072]: mask 0xffffffffffffffffff000000000000000000000000000000000000 set
cpu-bind=MASK - nid005229, task 10 10 [184073]: mask 0xffffffffffffffffff000000000000000000000000000000000000 set
cpu-bind=MASK - nid005229, task 11 11 [184074]: mask 0xffffffffffffffffff000000000000000000000000000000000000 set
cpu-bind=MASK - nid005229, task 12 12 [184075]: mask 0xffffffffffffffffff000000000000000000000000000000000000000000000000000000 set
cpu-bind=MASK - nid005229, task 13 13 [184076]: mask 0xffffffffffffffffff000000000000000000000000000000000000000000000000000000 set
cpu-bind=MASK - nid005229, task 14 14 [184077]: mask 0xffffffffffffffffff000000000000000000000000000000000000000000000000000000 set
cpu-bind=MASK - nid005229, task 15 15 [184078]: mask 0xffffffffffffffffff000000000000000000000000000000000000000000000000000000 set
# EXT_MPI verbose
# calls allreduce 2.949940e+05
# size allreduce 3.648955e+03
# timing allreduce 2.957218e-05
# calls reduce_scatter_block 4.600000e+01
# size reduce_scatter_block 2.097152e+06
# timing reduce_scatter_block 9.774673e-02
# calls allgather 3.500000e+01
# size allgather 2.097152e+06
# timing allgather 1.097228e-03
# calls reduce 2.130700e+04
# size reduce 4.600419e+05
# timing reduce 1.452106e-04
# calls bcast 8.766000e+03
# size bcast 5.297559e+05
# timing bcast 1.372899e-04
# timing finalize 2.772016e+02
cpu-bind=MASK - nid005229, task  0  0 [185196]: mask 0xffffffffffffffffff set
cpu-bind=MASK - nid005229, task  1  1 [185197]: mask 0xffffffffffffffffff set
cpu-bind=MASK - nid005229, task  2  2 [185198]: mask 0xffffffffffffffffff set
cpu-bind=MASK - nid005229, task  3  3 [185199]: mask 0xffffffffffffffffff set
cpu-bind=MASK - nid005229, task  4  4 [185200]: mask 0xffffffffffffffffff000000000000000000 set
cpu-bind=MASK - nid005229, task  5  5 [185201]: mask 0xffffffffffffffffff000000000000000000 set
cpu-bind=MASK - nid005229, task  6  6 [185202]: mask 0xffffffffffffffffff000000000000000000 set
cpu-bind=MASK - nid005229, task  7  7 [185203]: mask 0xffffffffffffffffff000000000000000000 set
cpu-bind=MASK - nid005229, task  8  8 [185204]: mask 0xffffffffffffffffff000000000000000000000000000000000000 set
cpu-bind=MASK - nid005229, task  9  9 [185205]: mask 0xffffffffffffffffff000000000000000000000000000000000000 set
cpu-bind=MASK - nid005229, task 10 10 [185206]: mask 0xffffffffffffffffff000000000000000000000000000000000000 set
cpu-bind=MASK - nid005229, task 11 11 [185207]: mask 0xffffffffffffffffff000000000000000000000000000000000000 set
cpu-bind=MASK - nid005229, task 12 12 [185208]: mask 0xffffffffffffffffff000000000000000000000000000000000000000000000000000000 set
cpu-bind=MASK - nid005229, task 13 13 [185209]: mask 0xffffffffffffffffff000000000000000000000000000000000000000000000000000000 set
cpu-bind=MASK - nid005229, task 14 14 [185210]: mask 0xffffffffffffffffff000000000000000000000000000000000000000000000000000000 set
cpu-bind=MASK - nid005229, task 15 15 [185211]: mask 0xffffffffffffffffff000000000000000000000000000000000000000000000000000000 set
# EXT_MPI verbose
# EXT_MPI blocking
# calls allreduce 2.949940e+05
# size allreduce 3.648956e+03
# timing allreduce 1.454043e-05
# calls my_allreduce 2.835470e+05
# size my_allreduce 3.730721e+03
# calls reduce_scatter_block 4.600000e+01
# size reduce_scatter_block 2.097152e+06
# timing reduce_scatter_block 4.044746e-03
# calls allgather 3.500000e+01
# size allgather 2.097152e+06
# timing allgather 8.536402e-03
# calls reduce 2.130700e+04
# size reduce 4.600419e+05
# timing reduce 1.496674e-04
# calls bcast 8.766000e+03
# size bcast 5.297559e+05
# timing bcast 1.436415e-04
# timing finalize 2.710228e+02
srun: Job 7450 step creation temporarily disabled, retrying (Requested nodes are busy)
srun: Step created for StepId=7450.3
cpu-bind=MASK - nid005229, task  0  0 [186472]: mask 0xffffffffffffffffff set
cpu-bind=MASK - nid005229, task  1  1 [186473]: mask 0xffffffffffffffffff set
cpu-bind=MASK - nid005229, task  2  2 [186474]: mask 0xffffffffffffffffff set
cpu-bind=MASK - nid005229, task  3  3 [186475]: mask 0xffffffffffffffffff set
cpu-bind=MASK - nid005229, task  4  4 [186476]: mask 0xffffffffffffffffff000000000000000000 set
cpu-bind=MASK - nid005229, task  5  5 [186477]: mask 0xffffffffffffffffff000000000000000000 set
cpu-bind=MASK - nid005229, task  6  6 [186478]: mask 0xffffffffffffffffff000000000000000000 set
cpu-bind=MASK - nid005229, task  7  7 [186479]: mask 0xffffffffffffffffff000000000000000000 set
cpu-bind=MASK - nid005229, task  8  8 [186480]: mask 0xffffffffffffffffff000000000000000000000000000000000000 set
cpu-bind=MASK - nid005229, task  9  9 [186481]: mask 0xffffffffffffffffff000000000000000000000000000000000000 set
cpu-bind=MASK - nid005229, task 10 10 [186482]: mask 0xffffffffffffffffff000000000000000000000000000000000000 set
cpu-bind=MASK - nid005229, task 11 11 [186483]: mask 0xffffffffffffffffff000000000000000000000000000000000000 set
cpu-bind=MASK - nid005229, task 12 12 [186484]: mask 0xffffffffffffffffff000000000000000000000000000000000000000000000000000000 set
cpu-bind=MASK - nid005229, task 13 13 [186485]: mask 0xffffffffffffffffff000000000000000000000000000000000000000000000000000000 set
cpu-bind=MASK - nid005229, task 14 14 [186486]: mask 0xffffffffffffffffff000000000000000000000000000000000000000000000000000000 set
cpu-bind=MASK - nid005229, task 15 15 [186487]: mask 0xffffffffffffffffff000000000000000000000000000000000000000000000000000000 set
# EXT_MPI verbose
# EXT_MPI blocking
# calls allreduce 2.949940e+05
# size allreduce 3.648955e+03
# timing allreduce 1.375417e-05
# calls my_allreduce 2.835470e+05
# size my_allreduce 3.730720e+03
# calls reduce_scatter_block 4.600000e+01
# size reduce_scatter_block 2.097152e+06
# timing reduce_scatter_block 3.938340e-03
# calls allgather 3.500000e+01
# size allgather 2.097152e+06
# timing allgather 8.636822e-03
# calls reduce 2.130700e+04
# size reduce 4.600419e+05
# timing reduce 1.450105e-04
# calls bcast 8.766000e+03
# size bcast 5.297559e+05
# timing bcast 1.442020e-04
# timing finalize 2.690978e+02
