cpu-bind=MASK - nid005229, task  0  0 [212857]: mask 0xffffffffffffffffff set
cpu-bind=MASK - nid005229, task  1  1 [212858]: mask 0xffffffffffffffffff set
cpu-bind=MASK - nid005229, task  2  2 [212859]: mask 0xffffffffffffffffff set
cpu-bind=MASK - nid005229, task  3  3 [212860]: mask 0xffffffffffffffffff set
cpu-bind=MASK - nid005229, task  4  4 [212861]: mask 0xffffffffffffffffff000000000000000000 set
cpu-bind=MASK - nid005229, task  5  5 [212862]: mask 0xffffffffffffffffff000000000000000000 set
cpu-bind=MASK - nid005229, task  6  6 [212863]: mask 0xffffffffffffffffff000000000000000000 set
cpu-bind=MASK - nid005229, task  7  7 [212864]: mask 0xffffffffffffffffff000000000000000000 set
cpu-bind=MASK - nid005229, task  8  8 [212865]: mask 0xffffffffffffffffff000000000000000000000000000000000000 set
cpu-bind=MASK - nid005229, task  9  9 [212866]: mask 0xffffffffffffffffff000000000000000000000000000000000000 set
cpu-bind=MASK - nid005229, task 10 10 [212867]: mask 0xffffffffffffffffff000000000000000000000000000000000000 set
cpu-bind=MASK - nid005229, task 11 11 [212868]: mask 0xffffffffffffffffff000000000000000000000000000000000000 set
cpu-bind=MASK - nid005229, task 12 12 [212869]: mask 0xffffffffffffffffff000000000000000000000000000000000000000000000000000000 set
cpu-bind=MASK - nid005229, task 13 13 [212870]: mask 0xffffffffffffffffff000000000000000000000000000000000000000000000000000000 set
cpu-bind=MASK - nid005229, task 14 14 [212871]: mask 0xffffffffffffffffff000000000000000000000000000000000000000000000000000000 set
cpu-bind=MASK - nid005229, task 15 15 [212872]: mask 0xffffffffffffffffff000000000000000000000000000000000000000000000000000000 set
# EXT_MPI verbose
# calls allreduce 2.991655e+05
# size allreduce 3.651653e+03
# timing allreduce 3.000772e-05
# calls reduce_scatter_block 4.600000e+01
# size reduce_scatter_block 2.097152e+06
# timing reduce_scatter_block 9.877765e-02
# calls allgather 3.500000e+01
# size allgather 2.097152e+06
# timing allgather 1.103433e-03
# calls reduce 2.137100e+04
# size reduce 4.590567e+05
# timing reduce 1.461032e-04
# calls bcast 8.766000e+03
# size bcast 5.297559e+05
# timing bcast 1.363727e-04
# timing finalize 2.772273e+02
cpu-bind=MASK - nid005229, task  0  0 [214047]: mask 0xffffffffffffffffff set
cpu-bind=MASK - nid005229, task  1  1 [214048]: mask 0xffffffffffffffffff set
cpu-bind=MASK - nid005229, task  2  2 [214051]: mask 0xffffffffffffffffff set
cpu-bind=MASK - nid005229, task  3  3 [214052]: mask 0xffffffffffffffffff set
cpu-bind=MASK - nid005229, task  4  4 [214053]: mask 0xffffffffffffffffff000000000000000000 set
cpu-bind=MASK - nid005229, task  5  5 [214054]: mask 0xffffffffffffffffff000000000000000000 set
cpu-bind=MASK - nid005229, task  6  6 [214055]: mask 0xffffffffffffffffff000000000000000000 set
cpu-bind=MASK - nid005229, task  7  7 [214056]: mask 0xffffffffffffffffff000000000000000000 set
cpu-bind=MASK - nid005229, task  8  8 [214057]: mask 0xffffffffffffffffff000000000000000000000000000000000000 set
cpu-bind=MASK - nid005229, task  9  9 [214058]: mask 0xffffffffffffffffff000000000000000000000000000000000000 set
cpu-bind=MASK - nid005229, task 10 10 [214059]: mask 0xffffffffffffffffff000000000000000000000000000000000000 set
cpu-bind=MASK - nid005229, task 11 11 [214060]: mask 0xffffffffffffffffff000000000000000000000000000000000000 set
cpu-bind=MASK - nid005229, task 12 12 [214061]: mask 0xffffffffffffffffff000000000000000000000000000000000000000000000000000000 set
cpu-bind=MASK - nid005229, task 13 13 [214062]: mask 0xffffffffffffffffff000000000000000000000000000000000000000000000000000000 set
cpu-bind=MASK - nid005229, task 14 14 [214063]: mask 0xffffffffffffffffff000000000000000000000000000000000000000000000000000000 set
cpu-bind=MASK - nid005229, task 15 15 [214064]: mask 0xffffffffffffffffff000000000000000000000000000000000000000000000000000000 set
# EXT_MPI verbose
# EXT_MPI blocking
# calls allreduce 2.949940e+05
# size allreduce 3.648956e+03
# timing allreduce 1.446664e-05
# calls my_allreduce 2.835470e+05
# size my_allreduce 3.730721e+03
# calls reduce_scatter_block 4.600000e+01
# size reduce_scatter_block 2.097152e+06
# timing reduce_scatter_block 4.052599e-03
# calls allgather 3.500000e+01
# size allgather 2.097152e+06
# timing allgather 9.167163e-03
# calls reduce 2.130700e+04
# size reduce 4.600419e+05
# timing reduce 1.518807e-04
# calls bcast 8.766000e+03
# size bcast 5.297559e+05
# timing bcast 1.523562e-04
# timing finalize 2.730957e+02
cpu-bind=MASK - nid005229, task  0  0 [215185]: mask 0xffffffffffffffffff set
cpu-bind=MASK - nid005229, task  1  1 [215186]: mask 0xffffffffffffffffff set
cpu-bind=MASK - nid005229, task  2  2 [215187]: mask 0xffffffffffffffffff set
cpu-bind=MASK - nid005229, task  3  3 [215188]: mask 0xffffffffffffffffff set
cpu-bind=MASK - nid005229, task  4  4 [215189]: mask 0xffffffffffffffffff000000000000000000 set
cpu-bind=MASK - nid005229, task  5  5 [215190]: mask 0xffffffffffffffffff000000000000000000 set
cpu-bind=MASK - nid005229, task  6  6 [215191]: mask 0xffffffffffffffffff000000000000000000 set
cpu-bind=MASK - nid005229, task  7  7 [215192]: mask 0xffffffffffffffffff000000000000000000 set
cpu-bind=MASK - nid005229, task  8  8 [215193]: mask 0xffffffffffffffffff000000000000000000000000000000000000 set
cpu-bind=MASK - nid005229, task  9  9 [215194]: mask 0xffffffffffffffffff000000000000000000000000000000000000 set
cpu-bind=MASK - nid005229, task 10 10 [215195]: mask 0xffffffffffffffffff000000000000000000000000000000000000 set
cpu-bind=MASK - nid005229, task 11 11 [215196]: mask 0xffffffffffffffffff000000000000000000000000000000000000 set
cpu-bind=MASK - nid005229, task 12 12 [215197]: mask 0xffffffffffffffffff000000000000000000000000000000000000000000000000000000 set
cpu-bind=MASK - nid005229, task 13 13 [215198]: mask 0xffffffffffffffffff000000000000000000000000000000000000000000000000000000 set
cpu-bind=MASK - nid005229, task 14 14 [215199]: mask 0xffffffffffffffffff000000000000000000000000000000000000000000000000000000 set
cpu-bind=MASK - nid005229, task 15 15 [215200]: mask 0xffffffffffffffffff000000000000000000000000000000000000000000000000000000 set
# EXT_MPI verbose
# EXT_MPI blocking
# calls allreduce 2.949940e+05
# size allreduce 3.648954e+03
# timing allreduce 1.448417e-05
# calls my_allreduce 2.835470e+05
# size my_allreduce 3.730720e+03
# calls reduce_scatter_block 4.600000e+01
# size reduce_scatter_block 2.097152e+06
# timing reduce_scatter_block 3.932309e-03
# calls allgather 3.500000e+01
# size allgather 2.097152e+06
# timing allgather 8.615197e-03
# calls reduce 2.130700e+04
# size reduce 4.600419e+05
# timing reduce 1.455864e-04
# calls bcast 8.766000e+03
# size bcast 5.297559e+05
# timing bcast 1.434110e-04
# timing finalize 2.734372e+02
