cpu-bind=MASK - nid005229, task  0  0 [188524]: mask 0xffffffffffffffffff set
cpu-bind=MASK - nid005229, task  1  1 [188525]: mask 0xffffffffffffffffff set
cpu-bind=MASK - nid005229, task  2  2 [188526]: mask 0xffffffffffffffffff set
cpu-bind=MASK - nid005229, task  3  3 [188527]: mask 0xffffffffffffffffff set
cpu-bind=MASK - nid005229, task  4  4 [188528]: mask 0xffffffffffffffffff000000000000000000 set
cpu-bind=MASK - nid005229, task  5  5 [188529]: mask 0xffffffffffffffffff000000000000000000 set
cpu-bind=MASK - nid005229, task  6  6 [188530]: mask 0xffffffffffffffffff000000000000000000 set
cpu-bind=MASK - nid005229, task  7  7 [188531]: mask 0xffffffffffffffffff000000000000000000 set
cpu-bind=MASK - nid005229, task  8  8 [188533]: mask 0xffffffffffffffffff000000000000000000000000000000000000 set
cpu-bind=MASK - nid005229, task  9  9 [188538]: mask 0xffffffffffffffffff000000000000000000000000000000000000 set
cpu-bind=MASK - nid005229, task 10 10 [188539]: mask 0xffffffffffffffffff000000000000000000000000000000000000 set
cpu-bind=MASK - nid005229, task 11 11 [188540]: mask 0xffffffffffffffffff000000000000000000000000000000000000 set
cpu-bind=MASK - nid005229, task 12 12 [188541]: mask 0xffffffffffffffffff000000000000000000000000000000000000000000000000000000 set
cpu-bind=MASK - nid005229, task 13 13 [188542]: mask 0xffffffffffffffffff000000000000000000000000000000000000000000000000000000 set
cpu-bind=MASK - nid005229, task 14 14 [188543]: mask 0xffffffffffffffffff000000000000000000000000000000000000000000000000000000 set
cpu-bind=MASK - nid005229, task 15 15 [188544]: mask 0xffffffffffffffffff000000000000000000000000000000000000000000000000000000 set
# EXT_MPI verbose
# calls allreduce 2.949940e+05
# size allreduce 3.648957e+03
# timing allreduce 2.914555e-05
# calls reduce_scatter_block 4.600000e+01
# size reduce_scatter_block 2.097152e+06
# timing reduce_scatter_block 9.803471e-02
# calls allgather 3.500000e+01
# size allgather 2.097152e+06
# timing allgather 1.086212e-03
# calls reduce 2.130700e+04
# size reduce 4.600419e+05
# timing reduce 1.465329e-04
# calls bcast 8.766000e+03
# size bcast 5.297559e+05
# timing bcast 1.443164e-04
# timing finalize 2.767829e+02
cpu-bind=MASK - nid005229, task  0  0 [189598]: mask 0xffffffffffffffffff set
cpu-bind=MASK - nid005229, task  1  1 [189599]: mask 0xffffffffffffffffff set
cpu-bind=MASK - nid005229, task  2  2 [189600]: mask 0xffffffffffffffffff set
cpu-bind=MASK - nid005229, task  3  3 [189601]: mask 0xffffffffffffffffff set
cpu-bind=MASK - nid005229, task  4  4 [189602]: mask 0xffffffffffffffffff000000000000000000 set
cpu-bind=MASK - nid005229, task  5  5 [189603]: mask 0xffffffffffffffffff000000000000000000 set
cpu-bind=MASK - nid005229, task  6  6 [189604]: mask 0xffffffffffffffffff000000000000000000 set
cpu-bind=MASK - nid005229, task  7  7 [189605]: mask 0xffffffffffffffffff000000000000000000 set
cpu-bind=MASK - nid005229, task  8  8 [189606]: mask 0xffffffffffffffffff000000000000000000000000000000000000 set
cpu-bind=MASK - nid005229, task  9  9 [189607]: mask 0xffffffffffffffffff000000000000000000000000000000000000 set
cpu-bind=MASK - nid005229, task 10 10 [189608]: mask 0xffffffffffffffffff000000000000000000000000000000000000 set
cpu-bind=MASK - nid005229, task 11 11 [189609]: mask 0xffffffffffffffffff000000000000000000000000000000000000 set
cpu-bind=MASK - nid005229, task 12 12 [189610]: mask 0xffffffffffffffffff000000000000000000000000000000000000000000000000000000 set
cpu-bind=MASK - nid005229, task 13 13 [189611]: mask 0xffffffffffffffffff000000000000000000000000000000000000000000000000000000 set
cpu-bind=MASK - nid005229, task 14 14 [189612]: mask 0xffffffffffffffffff000000000000000000000000000000000000000000000000000000 set
cpu-bind=MASK - nid005229, task 15 15 [189613]: mask 0xffffffffffffffffff000000000000000000000000000000000000000000000000000000 set
# EXT_MPI verbose
# EXT_MPI blocking
# calls allreduce 2.949940e+05
# size allreduce 3.648955e+03
# timing allreduce 1.377242e-05
# calls my_allreduce 2.835470e+05
# size my_allreduce 3.730720e+03
# calls reduce_scatter_block 4.600000e+01
# size reduce_scatter_block 2.097152e+06
# timing reduce_scatter_block 3.997756e-03
# calls allgather 3.500000e+01
# size allgather 2.097152e+06
# timing allgather 8.782824e-03
# calls reduce 2.130700e+04
# size reduce 4.600419e+05
# timing reduce 1.445369e-04
# calls bcast 8.766000e+03
# size bcast 5.297559e+05
# timing bcast 1.444582e-04
# timing finalize 2.702091e+02
cpu-bind=MASK - nid005229, task  0  0 [190987]: mask 0xffffffffffffffffff set
cpu-bind=MASK - nid005229, task  1  1 [190988]: mask 0xffffffffffffffffff set
cpu-bind=MASK - nid005229, task  2  2 [190989]: mask 0xffffffffffffffffff set
cpu-bind=MASK - nid005229, task  3  3 [190990]: mask 0xffffffffffffffffff set
cpu-bind=MASK - nid005229, task  4  4 [190991]: mask 0xffffffffffffffffff000000000000000000 set
cpu-bind=MASK - nid005229, task  5  5 [190992]: mask 0xffffffffffffffffff000000000000000000 set
cpu-bind=MASK - nid005229, task  6  6 [190993]: mask 0xffffffffffffffffff000000000000000000 set
cpu-bind=MASK - nid005229, task  7  7 [190994]: mask 0xffffffffffffffffff000000000000000000 set
cpu-bind=MASK - nid005229, task  8  8 [190995]: mask 0xffffffffffffffffff000000000000000000000000000000000000 set
cpu-bind=MASK - nid005229, task  9  9 [190996]: mask 0xffffffffffffffffff000000000000000000000000000000000000 set
cpu-bind=MASK - nid005229, task 10 10 [190997]: mask 0xffffffffffffffffff000000000000000000000000000000000000 set
cpu-bind=MASK - nid005229, task 11 11 [190998]: mask 0xffffffffffffffffff000000000000000000000000000000000000 set
cpu-bind=MASK - nid005229, task 12 12 [190999]: mask 0xffffffffffffffffff000000000000000000000000000000000000000000000000000000 set
cpu-bind=MASK - nid005229, task 13 13 [191000]: mask 0xffffffffffffffffff000000000000000000000000000000000000000000000000000000 set
cpu-bind=MASK - nid005229, task 14 14 [191001]: mask 0xffffffffffffffffff000000000000000000000000000000000000000000000000000000 set
cpu-bind=MASK - nid005229, task 15 15 [191002]: mask 0xffffffffffffffffff000000000000000000000000000000000000000000000000000000 set
# EXT_MPI verbose
# EXT_MPI blocking
# calls allreduce 2.949940e+05
# size allreduce 3.648957e+03
# timing allreduce 1.421059e-05
# calls my_allreduce 2.835470e+05
# size my_allreduce 3.730721e+03
# calls reduce_scatter_block 4.600000e+01
# size reduce_scatter_block 2.097152e+06
# timing reduce_scatter_block 3.920936e-03
# calls allgather 3.500000e+01
# size allgather 2.097152e+06
# timing allgather 8.527704e-03
# calls reduce 2.130700e+04
# size reduce 4.600419e+05
# timing reduce 1.450494e-04
# calls bcast 8.766000e+03
# size bcast 5.297559e+05
# timing bcast 1.457087e-04
# timing finalize 2.729263e+02
