cpu-bind=MASK - nid005229, task  0  0 [194680]: mask 0xffffffffffffffffff set
cpu-bind=MASK - nid005229, task  1  1 [194681]: mask 0xffffffffffffffffff set
cpu-bind=MASK - nid005229, task  2  2 [194682]: mask 0xffffffffffffffffff set
cpu-bind=MASK - nid005229, task  3  3 [194683]: mask 0xffffffffffffffffff set
cpu-bind=MASK - nid005229, task  4  4 [194684]: mask 0xffffffffffffffffff000000000000000000 set
cpu-bind=MASK - nid005229, task  5  5 [194685]: mask 0xffffffffffffffffff000000000000000000 set
cpu-bind=MASK - nid005229, task  6  6 [194686]: mask 0xffffffffffffffffff000000000000000000 set
cpu-bind=MASK - nid005229, task  7  7 [194687]: mask 0xffffffffffffffffff000000000000000000 set
cpu-bind=MASK - nid005229, task  8  8 [194688]: mask 0xffffffffffffffffff000000000000000000000000000000000000 set
cpu-bind=MASK - nid005229, task  9  9 [194689]: mask 0xffffffffffffffffff000000000000000000000000000000000000 set
cpu-bind=MASK - nid005229, task 10 10 [194690]: mask 0xffffffffffffffffff000000000000000000000000000000000000 set
cpu-bind=MASK - nid005229, task 11 11 [194691]: mask 0xffffffffffffffffff000000000000000000000000000000000000 set
cpu-bind=MASK - nid005229, task 12 12 [194692]: mask 0xffffffffffffffffff000000000000000000000000000000000000000000000000000000 set
cpu-bind=MASK - nid005229, task 13 13 [194693]: mask 0xffffffffffffffffff000000000000000000000000000000000000000000000000000000 set
cpu-bind=MASK - nid005229, task 14 14 [194694]: mask 0xffffffffffffffffff000000000000000000000000000000000000000000000000000000 set
cpu-bind=MASK - nid005229, task 15 15 [194695]: mask 0xffffffffffffffffff000000000000000000000000000000000000000000000000000000 set
# EXT_MPI verbose
# calls allreduce 2.991655e+05
# size allreduce 3.651652e+03
# timing allreduce 2.909249e-05
# calls reduce_scatter_block 4.600000e+01
# size reduce_scatter_block 2.097152e+06
# timing reduce_scatter_block 9.590645e-02
# calls allgather 3.500000e+01
# size allgather 2.097152e+06
# timing allgather 1.084967e-03
# calls reduce 2.137100e+04
# size reduce 4.590567e+05
# timing reduce 1.441141e-04
# calls bcast 8.766000e+03
# size bcast 5.297559e+05
# timing bcast 1.409125e-04
# timing finalize 2.763086e+02
cpu-bind=MASK - nid005229, task  0  0 [195803]: mask 0xffffffffffffffffff set
cpu-bind=MASK - nid005229, task  1  1 [195804]: mask 0xffffffffffffffffff set
cpu-bind=MASK - nid005229, task  2  2 [195805]: mask 0xffffffffffffffffff set
cpu-bind=MASK - nid005229, task  3  3 [195806]: mask 0xffffffffffffffffff set
cpu-bind=MASK - nid005229, task  4  4 [195807]: mask 0xffffffffffffffffff000000000000000000 set
cpu-bind=MASK - nid005229, task  5  5 [195808]: mask 0xffffffffffffffffff000000000000000000 set
cpu-bind=MASK - nid005229, task  6  6 [195809]: mask 0xffffffffffffffffff000000000000000000 set
cpu-bind=MASK - nid005229, task  7  7 [195810]: mask 0xffffffffffffffffff000000000000000000 set
cpu-bind=MASK - nid005229, task  8  8 [195811]: mask 0xffffffffffffffffff000000000000000000000000000000000000 set
cpu-bind=MASK - nid005229, task  9  9 [195812]: mask 0xffffffffffffffffff000000000000000000000000000000000000 set
cpu-bind=MASK - nid005229, task 10 10 [195813]: mask 0xffffffffffffffffff000000000000000000000000000000000000 set
cpu-bind=MASK - nid005229, task 11 11 [195814]: mask 0xffffffffffffffffff000000000000000000000000000000000000 set
cpu-bind=MASK - nid005229, task 12 12 [195815]: mask 0xffffffffffffffffff000000000000000000000000000000000000000000000000000000 set
cpu-bind=MASK - nid005229, task 13 13 [195816]: mask 0xffffffffffffffffff000000000000000000000000000000000000000000000000000000 set
cpu-bind=MASK - nid005229, task 14 14 [195817]: mask 0xffffffffffffffffff000000000000000000000000000000000000000000000000000000 set
cpu-bind=MASK - nid005229, task 15 15 [195818]: mask 0xffffffffffffffffff000000000000000000000000000000000000000000000000000000 set
# EXT_MPI verbose
# EXT_MPI blocking
# calls allreduce 2.784140e+05
# size allreduce 3.636600e+03
# timing allreduce 1.434344e-05
# calls my_allreduce 2.671510e+05
# size my_allreduce 3.721903e+03
# calls reduce_scatter_block 4.600000e+01
# size reduce_scatter_block 2.097152e+06
# timing reduce_scatter_block 4.012867e-03
# calls allgather 3.500000e+01
# size allgather 2.097152e+06
# timing allgather 8.558989e-03
# calls reduce 2.105100e+04
# size reduce 4.640425e+05
# timing reduce 1.499105e-04
# calls bcast 8.766000e+03
# size bcast 5.297559e+05
# timing bcast 1.452969e-04
# timing finalize 2.675520e+02
cpu-bind=MASK - nid005229, task  0  0 [197178]: mask 0xffffffffffffffffff set
cpu-bind=MASK - nid005229, task  1  1 [197179]: mask 0xffffffffffffffffff set
cpu-bind=MASK - nid005229, task  2  2 [197180]: mask 0xffffffffffffffffff set
cpu-bind=MASK - nid005229, task  3  3 [197181]: mask 0xffffffffffffffffff set
cpu-bind=MASK - nid005229, task  4  4 [197182]: mask 0xffffffffffffffffff000000000000000000 set
cpu-bind=MASK - nid005229, task  5  5 [197183]: mask 0xffffffffffffffffff000000000000000000 set
cpu-bind=MASK - nid005229, task  6  6 [197184]: mask 0xffffffffffffffffff000000000000000000 set
cpu-bind=MASK - nid005229, task  7  7 [197185]: mask 0xffffffffffffffffff000000000000000000 set
cpu-bind=MASK - nid005229, task  8  8 [197186]: mask 0xffffffffffffffffff000000000000000000000000000000000000 set
cpu-bind=MASK - nid005229, task  9  9 [197187]: mask 0xffffffffffffffffff000000000000000000000000000000000000 set
cpu-bind=MASK - nid005229, task 10 10 [197188]: mask 0xffffffffffffffffff000000000000000000000000000000000000 set
cpu-bind=MASK - nid005229, task 11 11 [197189]: mask 0xffffffffffffffffff000000000000000000000000000000000000 set
cpu-bind=MASK - nid005229, task 12 12 [197190]: mask 0xffffffffffffffffff000000000000000000000000000000000000000000000000000000 set
cpu-bind=MASK - nid005229, task 13 13 [197191]: mask 0xffffffffffffffffff000000000000000000000000000000000000000000000000000000 set
cpu-bind=MASK - nid005229, task 14 14 [197192]: mask 0xffffffffffffffffff000000000000000000000000000000000000000000000000000000 set
cpu-bind=MASK - nid005229, task 15 15 [197193]: mask 0xffffffffffffffffff000000000000000000000000000000000000000000000000000000 set
# EXT_MPI verbose
# EXT_MPI blocking
# calls allreduce 2.949940e+05
# size allreduce 3.648955e+03
# timing allreduce 1.378324e-05
# calls my_allreduce 2.835470e+05
# size my_allreduce 3.730720e+03
# calls reduce_scatter_block 4.600000e+01
# size reduce_scatter_block 2.097152e+06
# timing reduce_scatter_block 3.913675e-03
# calls allgather 3.500000e+01
# size allgather 2.097152e+06
# timing allgather 9.065655e-03
# calls reduce 2.130700e+04
# size reduce 4.600419e+05
# timing reduce 1.507832e-04
# calls bcast 8.766000e+03
# size bcast 5.297559e+05
# timing bcast 1.451221e-04
# timing finalize 2.742620e+02
