cpu-bind=MASK - nid005229, task  0  0 [261745]: mask 0xffffffffffffffffff set
cpu-bind=MASK - nid005229, task  1  1 [261746]: mask 0xffffffffffffffffff set
cpu-bind=MASK - nid005229, task  2  2 [261747]: mask 0xffffffffffffffffff set
cpu-bind=MASK - nid005229, task  3  3 [261748]: mask 0xffffffffffffffffff set
cpu-bind=MASK - nid005229, task  4  4 [261749]: mask 0xffffffffffffffffff000000000000000000 set
cpu-bind=MASK - nid005229, task  5  5 [261750]: mask 0xffffffffffffffffff000000000000000000 set
cpu-bind=MASK - nid005229, task  6  6 [261751]: mask 0xffffffffffffffffff000000000000000000 set
cpu-bind=MASK - nid005229, task  7  7 [261752]: mask 0xffffffffffffffffff000000000000000000 set
cpu-bind=MASK - nid005229, task  8  8 [261753]: mask 0xffffffffffffffffff000000000000000000000000000000000000 set
cpu-bind=MASK - nid005229, task  9  9 [261754]: mask 0xffffffffffffffffff000000000000000000000000000000000000 set
cpu-bind=MASK - nid005229, task 10 10 [261755]: mask 0xffffffffffffffffff000000000000000000000000000000000000 set
cpu-bind=MASK - nid005229, task 11 11 [261756]: mask 0xffffffffffffffffff000000000000000000000000000000000000 set
cpu-bind=MASK - nid005229, task 12 12 [261757]: mask 0xffffffffffffffffff000000000000000000000000000000000000000000000000000000 set
cpu-bind=MASK - nid005229, task 13 13 [261758]: mask 0xffffffffffffffffff000000000000000000000000000000000000000000000000000000 set
cpu-bind=MASK - nid005229, task 14 14 [261759]: mask 0xffffffffffffffffff000000000000000000000000000000000000000000000000000000 set
cpu-bind=MASK - nid005229, task 15 15 [261760]: mask 0xffffffffffffffffff000000000000000000000000000000000000000000000000000000 set
# EXT_MPI verbose
# calls allreduce 2.949940e+05
# size allreduce 3.648956e+03
# timing allreduce 2.951915e-05
# calls reduce_scatter_block 4.600000e+01
# size reduce_scatter_block 2.097152e+06
# timing reduce_scatter_block 9.617338e-02
# calls allgather 3.500000e+01
# size allgather 2.097152e+06
# timing allgather 1.101619e-03
# calls reduce 2.130700e+04
# size reduce 4.600419e+05
# timing reduce 1.504661e-04
# calls bcast 8.766000e+03
# size bcast 5.297559e+05
# timing bcast 1.385982e-04
# timing finalize 2.779200e+02
cpu-bind=MASK - nid005229, task  0  0 [262868]: mask 0xffffffffffffffffff set
cpu-bind=MASK - nid005229, task  1  1 [262869]: mask 0xffffffffffffffffff set
cpu-bind=MASK - nid005229, task  2  2 [262870]: mask 0xffffffffffffffffff set
cpu-bind=MASK - nid005229, task  3  3 [262871]: mask 0xffffffffffffffffff set
cpu-bind=MASK - nid005229, task  4  4 [262872]: mask 0xffffffffffffffffff000000000000000000 set
cpu-bind=MASK - nid005229, task  5  5 [262873]: mask 0xffffffffffffffffff000000000000000000 set
cpu-bind=MASK - nid005229, task  6  6 [262874]: mask 0xffffffffffffffffff000000000000000000 set
cpu-bind=MASK - nid005229, task  7  7 [262875]: mask 0xffffffffffffffffff000000000000000000 set
cpu-bind=MASK - nid005229, task  8  8 [262876]: mask 0xffffffffffffffffff000000000000000000000000000000000000 set
cpu-bind=MASK - nid005229, task  9  9 [262877]: mask 0xffffffffffffffffff000000000000000000000000000000000000 set
cpu-bind=MASK - nid005229, task 10 10 [262878]: mask 0xffffffffffffffffff000000000000000000000000000000000000 set
cpu-bind=MASK - nid005229, task 11 11 [262879]: mask 0xffffffffffffffffff000000000000000000000000000000000000 set
cpu-bind=MASK - nid005229, task 12 12 [262880]: mask 0xffffffffffffffffff000000000000000000000000000000000000000000000000000000 set
cpu-bind=MASK - nid005229, task 13 13 [262881]: mask 0xffffffffffffffffff000000000000000000000000000000000000000000000000000000 set
cpu-bind=MASK - nid005229, task 14 14 [262882]: mask 0xffffffffffffffffff000000000000000000000000000000000000000000000000000000 set
cpu-bind=MASK - nid005229, task 15 15 [262883]: mask 0xffffffffffffffffff000000000000000000000000000000000000000000000000000000 set
# EXT_MPI verbose
# EXT_MPI blocking
# calls allreduce 2.949940e+05
# size allreduce 3.648957e+03
# timing allreduce 1.395917e-05
# calls my_allreduce 2.835470e+05
# size my_allreduce 3.730721e+03
# calls reduce_scatter_block 4.600000e+01
# size reduce_scatter_block 2.097152e+06
# timing reduce_scatter_block 4.034095e-03
# calls allgather 3.500000e+01
# size allgather 2.097152e+06
# timing allgather 8.590075e-03
# calls reduce 2.130700e+04
# size reduce 4.600419e+05
# timing reduce 1.526220e-04
# calls bcast 8.766000e+03
# size bcast 5.297559e+05
# timing bcast 1.527627e-04
# timing finalize 2.717818e+02
cpu-bind=MASK - nid005229, task  0  0 [263960]: mask 0xffffffffffffffffff set
cpu-bind=MASK - nid005229, task  1  1 [263961]: mask 0xffffffffffffffffff set
cpu-bind=MASK - nid005229, task  2  2 [263962]: mask 0xffffffffffffffffff set
cpu-bind=MASK - nid005229, task  3  3 [263964]: mask 0xffffffffffffffffff set
cpu-bind=MASK - nid005229, task  4  4 [263965]: mask 0xffffffffffffffffff000000000000000000 set
cpu-bind=MASK - nid005229, task  5  5 [263966]: mask 0xffffffffffffffffff000000000000000000 set
cpu-bind=MASK - nid005229, task  6  6 [263967]: mask 0xffffffffffffffffff000000000000000000 set
cpu-bind=MASK - nid005229, task  7  7 [263968]: mask 0xffffffffffffffffff000000000000000000 set
cpu-bind=MASK - nid005229, task  8  8 [263969]: mask 0xffffffffffffffffff000000000000000000000000000000000000 set
cpu-bind=MASK - nid005229, task  9  9 [263970]: mask 0xffffffffffffffffff000000000000000000000000000000000000 set
cpu-bind=MASK - nid005229, task 10 10 [263971]: mask 0xffffffffffffffffff000000000000000000000000000000000000 set
cpu-bind=MASK - nid005229, task 11 11 [263972]: mask 0xffffffffffffffffff000000000000000000000000000000000000 set
cpu-bind=MASK - nid005229, task 12 12 [263973]: mask 0xffffffffffffffffff000000000000000000000000000000000000000000000000000000 set
cpu-bind=MASK - nid005229, task 13 13 [263974]: mask 0xffffffffffffffffff000000000000000000000000000000000000000000000000000000 set
cpu-bind=MASK - nid005229, task 14 14 [263975]: mask 0xffffffffffffffffff000000000000000000000000000000000000000000000000000000 set
cpu-bind=MASK - nid005229, task 15 15 [263976]: mask 0xffffffffffffffffff000000000000000000000000000000000000000000000000000000 set
# EXT_MPI verbose
# EXT_MPI blocking
# calls allreduce 2.784140e+05
# size allreduce 3.636599e+03
# timing allreduce 1.418809e-05
# calls my_allreduce 2.671510e+05
# size my_allreduce 3.721903e+03
# calls reduce_scatter_block 4.600000e+01
# size reduce_scatter_block 2.097152e+06
# timing reduce_scatter_block 3.928650e-03
# calls allgather 3.500000e+01
# size allgather 2.097152e+06
# timing allgather 8.733788e-03
# calls reduce 2.105100e+04
# size reduce 4.640425e+05
# timing reduce 1.472204e-04
# calls bcast 8.766000e+03
# size bcast 5.297559e+05
# timing bcast 1.457844e-04
# timing finalize 2.692316e+02
srun: Job 7609 step creation temporarily disabled, retrying (Requested nodes are busy)
srun: Step created for StepId=7609.4
