cpu-bind=MASK - nid005229, task  0  0 [253982]: mask 0xffffffffffffffffff set
cpu-bind=MASK - nid005229, task  1  1 [253983]: mask 0xffffffffffffffffff set
cpu-bind=MASK - nid005229, task  2  2 [253984]: mask 0xffffffffffffffffff set
cpu-bind=MASK - nid005229, task  3  3 [253985]: mask 0xffffffffffffffffff set
cpu-bind=MASK - nid005229, task  4  4 [253986]: mask 0xffffffffffffffffff000000000000000000 set
cpu-bind=MASK - nid005229, task  5  5 [253987]: mask 0xffffffffffffffffff000000000000000000 set
cpu-bind=MASK - nid005229, task  6  6 [253988]: mask 0xffffffffffffffffff000000000000000000 set
cpu-bind=MASK - nid005229, task  7  7 [253989]: mask 0xffffffffffffffffff000000000000000000 set
cpu-bind=MASK - nid005229, task  8  8 [253990]: mask 0xffffffffffffffffff000000000000000000000000000000000000 set
cpu-bind=MASK - nid005229, task  9  9 [253991]: mask 0xffffffffffffffffff000000000000000000000000000000000000 set
cpu-bind=MASK - nid005229, task 10 10 [253992]: mask 0xffffffffffffffffff000000000000000000000000000000000000 set
cpu-bind=MASK - nid005229, task 11 11 [253993]: mask 0xffffffffffffffffff000000000000000000000000000000000000 set
cpu-bind=MASK - nid005229, task 12 12 [253994]: mask 0xffffffffffffffffff000000000000000000000000000000000000000000000000000000 set
cpu-bind=MASK - nid005229, task 13 13 [253995]: mask 0xffffffffffffffffff000000000000000000000000000000000000000000000000000000 set
cpu-bind=MASK - nid005229, task 14 14 [253996]: mask 0xffffffffffffffffff000000000000000000000000000000000000000000000000000000 set
cpu-bind=MASK - nid005229, task 15 15 [253997]: mask 0xffffffffffffffffff000000000000000000000000000000000000000000000000000000 set
# EXT_MPI verbose
# calls allreduce 2.949940e+05
# size allreduce 3.648954e+03
# timing allreduce 3.007934e-05
# calls reduce_scatter_block 4.600000e+01
# size reduce_scatter_block 2.097152e+06
# timing reduce_scatter_block 9.775069e-02
# calls allgather 3.500000e+01
# size allgather 2.097152e+06
# timing allgather 1.075567e-03
# calls reduce 2.130700e+04
# size reduce 4.600419e+05
# timing reduce 1.454878e-04
# calls bcast 8.766000e+03
# size bcast 5.297559e+05
# timing bcast 1.444365e-04
# timing finalize 2.769700e+02
cpu-bind=MASK - nid005229, task  0  0 [255173]: mask 0xffffffffffffffffff set
cpu-bind=MASK - nid005229, task  1  1 [255174]: mask 0xffffffffffffffffff set
cpu-bind=MASK - nid005229, task  2  2 [255175]: mask 0xffffffffffffffffff set
cpu-bind=MASK - nid005229, task  3  3 [255176]: mask 0xffffffffffffffffff set
cpu-bind=MASK - nid005229, task  4  4 [255177]: mask 0xffffffffffffffffff000000000000000000 set
cpu-bind=MASK - nid005229, task  5  5 [255178]: mask 0xffffffffffffffffff000000000000000000 set
cpu-bind=MASK - nid005229, task  6  6 [255179]: mask 0xffffffffffffffffff000000000000000000 set
cpu-bind=MASK - nid005229, task  7  7 [255180]: mask 0xffffffffffffffffff000000000000000000 set
cpu-bind=MASK - nid005229, task  8  8 [255181]: mask 0xffffffffffffffffff000000000000000000000000000000000000 set
cpu-bind=MASK - nid005229, task  9  9 [255182]: mask 0xffffffffffffffffff000000000000000000000000000000000000 set
cpu-bind=MASK - nid005229, task 10 10 [255183]: mask 0xffffffffffffffffff000000000000000000000000000000000000 set
cpu-bind=MASK - nid005229, task 11 11 [255184]: mask 0xffffffffffffffffff000000000000000000000000000000000000 set
cpu-bind=MASK - nid005229, task 12 12 [255185]: mask 0xffffffffffffffffff000000000000000000000000000000000000000000000000000000 set
cpu-bind=MASK - nid005229, task 13 13 [255186]: mask 0xffffffffffffffffff000000000000000000000000000000000000000000000000000000 set
cpu-bind=MASK - nid005229, task 14 14 [255187]: mask 0xffffffffffffffffff000000000000000000000000000000000000000000000000000000 set
cpu-bind=MASK - nid005229, task 15 15 [255188]: mask 0xffffffffffffffffff000000000000000000000000000000000000000000000000000000 set
# EXT_MPI verbose
# EXT_MPI blocking
# calls allreduce 2.949940e+05
# size allreduce 3.648954e+03
# timing allreduce 1.358655e-05
# calls my_allreduce 2.835470e+05
# size my_allreduce 3.730720e+03
# calls reduce_scatter_block 4.600000e+01
# size reduce_scatter_block 2.097152e+06
# timing reduce_scatter_block 3.961927e-03
# calls allgather 3.500000e+01
# size allgather 2.097152e+06
# timing allgather 8.848362e-03
# calls reduce 2.130700e+04
# size reduce 4.600419e+05
# timing reduce 1.456075e-04
# calls bcast 8.766000e+03
# size bcast 5.297559e+05
# timing bcast 1.448671e-04
# timing finalize 2.715772e+02
cpu-bind=MASK - nid005229, task  0  0 [256569]: mask 0xffffffffffffffffff set
cpu-bind=MASK - nid005229, task  1  1 [256570]: mask 0xffffffffffffffffff set
cpu-bind=MASK - nid005229, task  2  2 [256571]: mask 0xffffffffffffffffff set
cpu-bind=MASK - nid005229, task  3  3 [256572]: mask 0xffffffffffffffffff set
cpu-bind=MASK - nid005229, task  4  4 [256573]: mask 0xffffffffffffffffff000000000000000000 set
cpu-bind=MASK - nid005229, task  5  5 [256574]: mask 0xffffffffffffffffff000000000000000000 set
cpu-bind=MASK - nid005229, task  6  6 [256575]: mask 0xffffffffffffffffff000000000000000000 set
cpu-bind=MASK - nid005229, task  7  7 [256576]: mask 0xffffffffffffffffff000000000000000000 set
cpu-bind=MASK - nid005229, task  8  8 [256577]: mask 0xffffffffffffffffff000000000000000000000000000000000000 set
cpu-bind=MASK - nid005229, task  9  9 [256578]: mask 0xffffffffffffffffff000000000000000000000000000000000000 set
cpu-bind=MASK - nid005229, task 10 10 [256579]: mask 0xffffffffffffffffff000000000000000000000000000000000000 set
cpu-bind=MASK - nid005229, task 11 11 [256580]: mask 0xffffffffffffffffff000000000000000000000000000000000000 set
cpu-bind=MASK - nid005229, task 12 12 [256581]: mask 0xffffffffffffffffff000000000000000000000000000000000000000000000000000000 set
cpu-bind=MASK - nid005229, task 13 13 [256582]: mask 0xffffffffffffffffff000000000000000000000000000000000000000000000000000000 set
cpu-bind=MASK - nid005229, task 14 14 [256583]: mask 0xffffffffffffffffff000000000000000000000000000000000000000000000000000000 set
cpu-bind=MASK - nid005229, task 15 15 [256584]: mask 0xffffffffffffffffff000000000000000000000000000000000000000000000000000000 set
# EXT_MPI verbose
# EXT_MPI blocking
# calls allreduce 2.949940e+05
# size allreduce 3.648955e+03
# timing allreduce 1.434657e-05
# calls my_allreduce 2.835470e+05
# size my_allreduce 3.730720e+03
# calls reduce_scatter_block 4.600000e+01
# size reduce_scatter_block 2.097152e+06
# timing reduce_scatter_block 3.889963e-03
# calls allgather 3.500000e+01
# size allgather 2.097152e+06
# timing allgather 9.559433e-03
# calls reduce 2.130700e+04
# size reduce 4.600419e+05
# timing reduce 1.468730e-04
# calls bcast 8.766000e+03
# size bcast 5.297559e+05
# timing bcast 1.447203e-04
# timing finalize 2.745292e+02
